/CIOPRG YAS
//NAME FRONIUS_TPSI_BUS
//ATTR SC
//CIOAP ARC
//$M
30,10,2,3,5,0,1,3,0,0
30,10,2,3,5,0,1,3,0,0
30,10,2,3,5,0,1,3,0,0
30,10,2,3,5,0,1,3,0,0
0,0,0,0,0,0,0,0,0,0
0,0,0,0,0,0,0,0,0,0
0,0,0,0,0,0,0,0,0,0
0,0,0,0,0,0,0,0,0,0
//KEY 0
PART 1
STR #50054
TMR M476,5
OUT #70160
STR #50054
AND-NOT #70160
OUT #70161
STR #70082
OR #70163
AND-NOT #70083
OUT #70163
STR #70161
OR #70163
OR #70080
OUT #70165
STR #70162
AND-NOT #51540
AND-NOT #51542
AND-NOT #70067
STR #78126
AND #70042
AND #50070
OR-STR
OUT #70042
STR #70164
AND-NOT #51540
AND-NOT #51541
AND-NOT #70067
OUT #70043
STR #70166
OR #70154
STR #70070
OR #51540
AND-STR
AND-NOT #27400
OUT #70041
STR #70183
STR-NOT #78144
AND #15024
AND #70066
OR-STR
AND #70066
OUT #70040
STR #70167
OUT #70044
STR #50054
TMR M466,5
OUT #70360
STR #50054
AND-NOT #70360
OUT #70361
STR #70282
OR #70363
AND-NOT #70283
OUT #70363
STR #70361
OR #70363
OR #70280
OUT #70365
STR #70362
AND-NOT #51600
AND-NOT #51602
AND-NOT #70267
STR #78126
AND #70242
AND #50070
OR-STR
OUT #70242
STR #70364
AND-NOT #51600
AND-NOT #51601
AND-NOT #70267
OUT #70243
STR #70366
OR #70354
STR #70270
OR #51600
AND-STR
AND-NOT #27401
OUT #70241
STR #70383
STR-NOT #78145
AND #15025
AND #70266
OR-STR
AND #70266
OUT #70240
STR #70367
OUT #70244
STR #50054
TMR M456,5
OUT #70560
STR #50054
AND-NOT #70560
OUT #70561
STR #70482
OR #70563
AND-NOT #70483
OUT #70563
STR #70561
OR #70563
OR #70480
OUT #70565
STR #70562
AND-NOT #51660
AND-NOT #51662
AND-NOT #70467
STR #78126
AND #70442
AND #50070
OR-STR
OUT #70442
STR #70564
AND-NOT #51660
AND-NOT #51661
AND-NOT #70467
OUT #70443
STR #70566
OR #70554
STR #70470
OR #51660
AND-STR
AND-NOT #27402
OUT #70441
STR #70583
STR-NOT #78146
AND #15026
AND #70466
OR-STR
AND #70466
OUT #70440
STR #70567
OUT #70444
STR #50054
TMR M446,5
OUT #70760
STR #50054
AND-NOT #70760
OUT #70761
STR #70682
OR #70763
AND-NOT #70683
OUT #70763
STR #70761
OR #70763
OR #70680
OUT #70765
STR #70762
AND-NOT #51720
AND-NOT #51722
AND-NOT #70667
STR #78126
AND #70642
AND #50070
OR-STR
OUT #70642
STR #70764
AND-NOT #51720
AND-NOT #51721
AND-NOT #70667
OUT #70643
STR #70766
OR #70754
STR #70670
OR #51720
AND-STR
AND-NOT #27403
OUT #70641
STR #70783
STR-NOT #78147
AND #15027
AND #70666
OR-STR
AND #70666
OUT #70640
STR #70767
OUT #70644
STR #80011
OUT #70025
STR #70025
AND #87014
OR-NOT #70025
OUT #40057
STR #70025
AND #87015
OUT #40042
STR #70025
AND #87016
OUT #40056
STR #50400
AND #87090
OUT #70170
STR #50401
AND #87101
OUT #70370
STR #50402
AND #87112
OUT #70570
STR #50403
AND #87123
OUT #70770
STR #50500
AND #87090
OUT #70171
STR #50501
AND #87101
OUT #70371
STR #50502
AND #87112
OUT #70571
STR #50503
AND #87123
OUT #70771
STR #50480
AND #87090
OUT #70172
STR #50481
AND #87101
OUT #70372
STR #50482
AND #87112
OUT #70572
STR #50483
AND #87123
OUT #70772
STR #50490
AND #87090
OUT #70173
STR #50491
AND #87101
OUT #70373
STR #50492
AND #87112
OUT #70573
STR #50493
AND #87123
OUT #70773
STR #70030
AND-NOT #70034
AND #50080
STR #70031
AND #50081
STR #70032
AND-NOT #70036
AND #50082
STR #70033
AND #50083
OR-STR
OR-STR
OR-STR
AND-NOT #50063
OUT #70022
STR #50080
STR #50081
STR #50082
OR #50083
OR-STR
OR-STR
AND #70022
STR #70021
AND-NOT #50076
AND-NOT #50070
OR-STR
OUT #70021
STR #50811
AND #50190
AND-NOT #50181
STR #50812
AND #50200
AND-NOT #50182
OR-STR
STR #50813
AND #50210
AND-NOT #50183
OR-STR
AND-NOT #50063
OUT #70023
STR #50080
AND-NOT #70021
OUT #70034
STR #50081
AND-NOT #70021
OUT #70035
STR #50082
AND-NOT #70021
OUT #70036
STR #50083
AND-NOT #70021
OUT #70037
STR #70230
AND-NOT #70234
AND #50090
STR #70231
AND #50091
STR #70232
AND #50092
STR #70233
AND-NOT #70237
AND #50093
OR-STR
OR-STR
OR-STR
AND-NOT #50063
OUT #70222
STR #50090
STR #50091
STR #50092
OR #50093
OR-STR
OR-STR
AND #70222
STR #70221
AND-NOT #50076
AND-NOT #50070
OR-STR
OUT #70221
STR #50820
AND #50190
AND-NOT #50181
STR #50822
AND #50201
AND-NOT #50192
OR-STR
STR #50823
AND #50211
AND-NOT #50193
OR-STR
AND-NOT #50063
OUT #70223
STR #50090
AND-NOT #70221
OUT #70234
STR #50091
AND-NOT #70221
OUT #70235
STR #50092
AND-NOT #70221
OUT #70236
STR #50093
AND-NOT #70221
OUT #70237
STR #70430
AND-NOT #70434
AND #50084
STR #70431
AND #50085
STR #70432
AND #50086
STR #70433
AND-NOT #70437
AND #50087
OR-STR
OR-STR
OR-STR
AND-NOT #50063
OUT #70422
STR #50084
STR #50085
STR #50086
OR #50087
OR-STR
OR-STR
AND #70422
STR #70421
AND-NOT #50076
AND-NOT #50070
OR-STR
OUT #70421
STR #50830
AND #50200
AND-NOT #50182
STR #50831
AND #50201
AND-NOT #50192
OR-STR
STR #50833
AND #50212
AND-NOT #50203
OR-STR
AND-NOT #50063
OUT #70423
STR #50084
AND-NOT #70421
OUT #70434
STR #50085
AND-NOT #70421
OUT #70435
STR #50086
AND-NOT #70421
OUT #70436
STR #50087
AND-NOT #70421
OUT #70437
STR #70630
AND-NOT #70634
AND #50094
STR #70631
AND #50095
STR #70632
AND #50096
STR #70633
AND-NOT #70637
AND #50097
OR-STR
OR-STR
OR-STR
AND-NOT #50063
OUT #70622
STR #50094
STR #50095
STR #50096
OR #50097
OR-STR
OR-STR
AND #70622
STR #70621
AND-NOT #50076
AND-NOT #50070
OR-STR
OUT #70621
STR #50840
AND #50210
AND-NOT #50183
STR #50841
AND #50211
AND-NOT #50193
OR-STR
STR #50842
AND #50212
AND-NOT #50203
OR-STR
AND-NOT #50063
OUT #70623
STR #50094
AND-NOT #70621
OUT #70634
STR #50095
AND-NOT #70621
OUT #70635
STR #50096
AND-NOT #70621
OUT #70636
STR #50097
AND-NOT #70621
OUT #70637
STR #50082
AND #50092
AND #50086
AND #50096
OUT #70600
STR-NOT #50082
AND #50092
AND #50086
AND #50096
OUT #70601
STR-NOT #50082
AND-NOT #50092
AND #50086
AND #50096
OUT #70602
STR #70236
OR #70436
OR #70636
OUT #70032
STR #70036
OR #70436
OR #70636
STR #70600
OR-NOT #70601
AND-STR
OUT #70232
STR #70036
OR #70236
OR #70636
STR #70600
OR-NOT #70602
AND-STR
OUT #70432
STR #70036
OR #70236
OR #70436
OUT #70632
STR #70021
AND #87090
OUT #70174
STR #70221
AND #87101
OUT #70374
STR #70421
AND #87112
OUT #70574
STR #70621
AND #87123
OUT #70774
STR #50010
STR #50011
STR #50012
OR #50013
OR-STR
OR-STR
OUT #70020
STR #50054
AND #50073
AND-NOT #50014
AND-NOT #70020
OUT #70011
STR #70010
AND #50073
OUT #40044
STR-NOT #70017
OR #70017
OUT #70017
STR-NOT #70016
OUT #70016
STR #70016
STR #70015
CNT M479,250
OUT #70015
STR #50070
OR #70125
AND #70170
AND #50073
AND-NOT #70020
OUT #70125
STR-NOT #70060
AND-NOT #70061
AND-NOT #70066
STR #70047
AND-NOT #70050
OR-STR
OUT #70047
STR #70047
TMR M554,M924
OUT #70050
STR #70047
AND-NOT #70050
OUT #70051
STR #70060
OR #70066
OR #70052
AND-NOT #70061
OUT #70052
STR #70061
OR #70053
AND-NOT #70060
AND-NOT #70066
OUT #70053
STR-NOT #70053
OR-NOT #70051
OUT #70054
STR-NOT #70052
OR-NOT #70051
OUT #70055
STR #15126
OR #10061
OR #60500
TMR M474,1
AND #50053
AND-NOT #50070
STR #15126
OR #10061
OR #60500
OR #51535
AND #50070
OR-STR
OUT #70056
STR #15127
OR #10062
OR #60501
TMR M473,1
AND #50053
AND-NOT #50070
STR #15127
OR #10062
OR #60501
OR #51536
AND #50070
OR-STR
OUT #70057
STR-NOT #70062
OR-NOT #50070
AND #70056
AND-NOT #70057
AND #70054
AND #87090
OUT #70060
STR-NOT #70062
OR-NOT #50070
AND-NOT #70056
AND #70057
AND #70055
AND #87090
OUT #70061
STR #51554
AND #70065
OR #15123
OR #60502
AND #87090
OUT #70142
STR #70041
AND #70066
OR #70086
AND-NOT #70094
AND #70173
AND-NOT #51540
AND-NOT #70105
AND-NOT #70126
OUT #70086
STR #51530
AND-NOT #20073
AND-NOT #70090
OR #41137
OR #70062
OR #70184
AND-NOT #51531
AND #70170
AND-NOT #70071
STR-NOT #70067
OR-NOT #70096
AND-STR
AND-NOT #70171
OUT #70062
STR #70062
AND #51532
AND-NOT #50070
OUT #70071
STR #51531
AND #70072
OR #70084
AND-NOT #70081
AND-NOT #70080
AND #70125
OUT #70084
STR #70075
OR #41137
AND #70084
AND-NOT #70085
AND #51531
OUT #41137
STR #70081
OR-NOT #70072
OR #70133
AND #51531
STR-NOT #70040
AND-NOT #87207
STR-NOT #75023
AND #87207
OR-STR
AND-STR
OUT #41131
STR-NOT #50050
OR #70064
AND #70062
STR-NOT #70041
OR #70094
AND-STR
AND-NOT #70124
AND-NOT #70174
AND-NOT #70127
OUT #70064
STR #50065
AND #50053
OUT #70130
STR #50065
AND #50053
AND-NOT #50692
AND-NOT #70017
OUT #70131
STR-NOT #50053
OR #70130
AND-NOT #50064
AND-NOT #70046
AND #70173
AND-NOT #50480
AND #87090
OUT #70065
STR #70064
AND #70065
AND #70054
OUT #70066
STR #70066
OUT #41132
STR #70067
AND #70083
OUT #70087
STR #70095
OR-NOT #70096
AND #70087
OR #70090
AND #50070
OUT #70090
STR #70040
AND #70143
OR #70045
OR #70070
AND #70066
OUT #70070
STR #70040
OR #70045
AND #70066
OUT #70155
STR #51530
AND-NOT #70090
OR #70094
AND-NOT #70093
AND #70125
OUT #70094
STR #70087
OR #41135
AND #70094
AND-NOT #70095
AND #51530
OUT #41135
STR #41135
OR #70092
AND-NOT #70093
OUT #70092
STR-NOT #70066
AND #70062
OR #70090
OR #70070
OUT #70093
STR #70092
AND #70093
OR #41136
AND-NOT #51537
AND-NOT #51547
OUT #41136
STR-NOT #70066
AND #70062
AND-NOT #70096
OR #41135
OR #41136
OR #70070
OR #41130
AND #51530
STR #27440
AND #87202
OR-STR
OUT #41130
STR #70094
OR #70092
OR #41136
OR #51537
OUT #70096
STR-NOT #70096
STR #70090
OR #78101
AND-STR
OUT #70091
STR-NOT #70070
AND #70066
STR #51530
OR-NOT #70096
AND #70067
AND #50070
OR-STR
AND-NOT #51540
AND-NOT #27400
TMR M550,M920
OUT #70067
STR #70072
AND-NOT #70083
OR #70066
OUT #70072
STR #70072
AND-NOT #70066
OR #70067
OUT #70073
STR #70073
AND #70062
STR #70063
AND-NOT #40014
AND-NOT #50053
OR-STR
OUT #70063
STR #70073
SUB M927,1,M475
STR #70073
AND #51400
OUT #70132
STR #70132
OR #70133
AND #70082
OUT #70133
STR-NOT #70132
OR #70134
AND #70073
OUT #70134
STR #70066
STR-NOT #70084
CNT M557,M927
OUT #70085
STR-NOT #70066
OR #70067
AND #70044
OUT #70074
STR-NOT #41135
STR-NOT #70094
CNT M555,M925
OUT #70095
STR #70110
OR #70112
AND-NOT #70145
OUT #70112
STR #70112
OR #70145
AND #50012
OUT #70145
STR #70111
OR #70113
AND-NOT #70146
OUT #70113
STR #70113
OR #70146
AND #50012
OUT #70146
STR #70091
OR #70105
OR #70114
AND-NOT #70147
OUT #70114
STR #70114
OR #70147
AND #50012
OUT #70147
STR #70091
OR #70105
OR #70110
OR #70111
OUT #70141
STR #70080
AND-NOT #50053
AND-NOT #70141
OUT #70140
STR #50070
OR #70325
AND #70370
AND #50073
AND-NOT #70020
OUT #70325
STR-NOT #70260
AND-NOT #70261
AND-NOT #70266
STR #70247
AND-NOT #70250
OR-STR
OUT #70247
STR #70247
TMR M544,M934
OUT #70250
STR #70247
AND-NOT #70250
OUT #70251
STR #70260
OR #70266
OR #70252
AND-NOT #70261
OUT #70252
STR #70261
OR #70253
AND-NOT #70260
AND-NOT #70266
OUT #70253
STR-NOT #70253
OR-NOT #70251
OUT #70254
STR-NOT #70252
OR-NOT #70251
OUT #70255
STR #15116
OR #10461
OR #60520
TMR M464,1
AND #50053
AND-NOT #50070
STR #15116
OR #10461
OR #51595
OR #60520
AND #50070
OR-STR
OUT #70256
STR #15117
OR #10462
OR #60521
TMR M463,1
AND #50053
AND-NOT #50070
STR #15117
OR #10462
OR #60521
OR #51596
AND #50070
OR-STR
OUT #70257
STR-NOT #70262
OR-NOT #50070
AND #70256
AND-NOT #70257
AND #70254
AND #87101
OUT #70260
STR-NOT #70262
OR-NOT #50070
AND-NOT #70256
AND #70257
AND #70255
AND #87101
OUT #70261
STR #51614
AND #70265
OR #15113
OR #60522
AND #87101
OUT #70342
STR #70241
AND #70266
OR #70286
AND-NOT #70294
AND #70373
AND-NOT #51600
AND-NOT #70305
AND-NOT #70326
OUT #70286
STR #51590
AND-NOT #20473
AND-NOT #70290
OR #41197
OR #70262
OR #70384
AND-NOT #51591
AND #70370
AND-NOT #70271
STR-NOT #70267
OR-NOT #70296
AND-STR
AND-NOT #70371
OUT #70262
STR #70262
AND #51592
AND-NOT #50070
OUT #70271
STR #51591
AND #70272
OR #70284
AND-NOT #70281
AND-NOT #70280
AND #70325
OUT #70284
STR #70275
OR #41197
AND #70284
AND-NOT #70285
AND #51591
OUT #41197
STR #70281
OR-NOT #70272
OR #70333
AND #51591
STR-NOT #70240
AND-NOT #87207
STR-NOT #75043
AND #87207
OR-STR
AND-STR
OUT #41191
STR-NOT #50050
OR #70264
AND #70262
STR-NOT #70241
OR #70294
AND-STR
AND-NOT #70324
AND-NOT #70374
AND-NOT #70327
OUT #70264
STR #50065
AND #50053
OUT #70330
STR #50065
AND #50053
AND-NOT #50692
AND-NOT #70017
OUT #70331
STR-NOT #50053
OR #70330
AND-NOT #50064
AND-NOT #70246
AND #70373
AND-NOT #50481
AND #87101
OUT #70265
STR #70264
AND #70265
AND #70254
OUT #70266
STR #70266
OUT #41192
STR #70267
AND #70283
OUT #70287
STR #70295
OR-NOT #70296
AND #70287
OR #70290
AND #50070
OUT #70290
STR #70240
AND #70343
OR #70245
OR #70270
AND #70266
OUT #70270
STR #70240
OR #70245
AND #70266
OUT #70355
STR #51590
AND-NOT #70290
OR #70294
AND-NOT #70293
AND #70325
OUT #70294
STR #70287
OR #41195
AND #70294
AND-NOT #70295
AND #51590
OUT #41195
STR #41195
OR #70292
AND-NOT #70293
OUT #70292
STR-NOT #70266
AND #70262
OR #70290
OR #70270
OUT #70293
STR #70292
AND #70293
OR #41196
AND-NOT #51597
AND-NOT #51607
OUT #41196
STR-NOT #70266
AND #70262
AND-NOT #70296
OR #41195
OR #41196
OR #70270
OR #41190
AND #51590
STR #27441
AND #87202
OR-STR
OUT #41190
STR #70294
OR #70292
OR #41196
OR #51597
OUT #70296
STR-NOT #70296
STR #70290
OR #78102
AND-STR
OUT #70291
STR-NOT #70270
AND #70266
STR #51590
OR-NOT #70296
AND #70267
AND #50070
OR-STR
AND-NOT #51600
AND-NOT #27401
TMR M540,M930
OUT #70267
STR #70272
AND-NOT #70283
OR #70266
OUT #70272
STR #70272
AND-NOT #70266
OR #70267
OUT #70273
STR #70273
AND #70262
STR #70263
AND-NOT #40014
AND-NOT #50053
OR-STR
OUT #70263
STR #70273
SUB M937,1,M465
STR #70273
AND #51400
OUT #70332
STR #70332
OR #70333
AND #70282
OUT #70333
STR-NOT #70332
OR #70334
AND #70273
OUT #70334
STR #70266
STR-NOT #70284
CNT M547,M937
OUT #70285
STR-NOT #70266
OR #70267
AND #70244
OUT #70274
STR-NOT #41195
STR-NOT #70294
CNT M545,M935
OUT #70295
STR #70310
OR #70312
AND-NOT #70345
OUT #70312
STR #70312
OR #70345
AND #50012
OUT #70345
STR #70311
OR #70313
AND-NOT #70346
OUT #70313
STR #70313
OR #70346
AND #50012
OUT #70346
STR #70291
OR #70305
OR #70314
AND-NOT #70347
OUT #70314
STR #70314
OR #70347
AND #50012
OUT #70347
STR #70291
OR #70305
OR #70310
OR #70311
OUT #70341
STR #70280
AND-NOT #50053
AND-NOT #70341
OUT #70340
STR #50070
OR #70525
AND #70570
AND #50073
AND-NOT #70020
OUT #70525
STR-NOT #70460
AND-NOT #70461
AND-NOT #70466
STR #70447
AND-NOT #70450
OR-STR
OUT #70447
STR #70447
TMR M534,M944
OUT #70450
STR #70447
AND-NOT #70450
OUT #70451
STR #70460
OR #70466
OR #70452
AND-NOT #70461
OUT #70452
STR #70461
OR #70453
AND-NOT #70460
AND-NOT #70466
OUT #70453
STR-NOT #70453
OR-NOT #70451
OUT #70454
STR-NOT #70452
OR-NOT #70451
OUT #70455
STR #15106
OR #10861
OR #60540
TMR M454,1
AND #50053
AND-NOT #50070
STR #15106
OR #10861
OR #60540
OR #51655
AND #50070
OR-STR
OUT #70456
STR #15107
OR #10862
OR #60541
TMR M453,1
AND #50053
AND-NOT #50070
STR #15107
OR #10862
OR #60541
OR #51656
AND #50070
OR-STR
OUT #70457
STR-NOT #70462
OR-NOT #50070
AND #70456
AND-NOT #70457
AND #70454
AND #87112
OUT #70460
STR-NOT #70462
OR-NOT #50070
AND-NOT #70456
AND #70457
AND #70455
AND #87112
OUT #70461
STR #51674
AND #70465
OR #15103
OR #60542
AND #87112
OUT #70542
STR #70441
AND #70466
OR #70486
AND-NOT #70494
AND #70573
AND-NOT #51660
AND-NOT #70505
AND-NOT #70526
OUT #70486
STR #51650
AND-NOT #20873
AND-NOT #70490
OR #41257
OR #70462
OR #70584
AND-NOT #51651
AND #70570
AND-NOT #70471
STR-NOT #70467
OR-NOT #70496
AND-STR
AND-NOT #70571
OUT #70462
STR #70462
AND #51652
AND-NOT #50070
OUT #70471
STR #51651
AND #70472
OR #70484
AND-NOT #70481
AND-NOT #70480
AND #70525
OUT #70484
STR #70475
OR #41257
AND #70484
AND-NOT #70485
AND #51651
OUT #41257
STR #70481
OR-NOT #70472
OR #70533
AND #51651
STR-NOT #70440
AND-NOT #87207
STR-NOT #75063
AND #87207
OR-STR
AND-STR
OUT #41251
STR-NOT #50050
OR #70464
AND #70462
STR-NOT #70441
OR #70494
AND-STR
AND-NOT #70524
AND-NOT #70574
AND-NOT #70527
OUT #70464
STR #50065
AND #50053
OUT #70530
STR #50065
AND #50053
AND-NOT #50692
AND-NOT #70017
OUT #70531
STR-NOT #50053
OR #70530
AND-NOT #50064
AND-NOT #70446
AND #70573
AND-NOT #50482
AND #87112
OUT #70465
STR #70464
AND #70465
AND #70454
OUT #70466
STR #70466
OUT #41252
STR #70467
AND #70483
OUT #70487
STR #70495
OR-NOT #70496
AND #70487
OR #70490
AND #50070
OUT #70490
STR #70440
AND #70543
OR #70445
OR #70470
AND #70466
OUT #70470
STR #70440
OR #70445
AND #70466
OUT #70555
STR #51650
AND-NOT #70490
OR #70494
AND-NOT #70493
AND #70525
OUT #70494
STR #70487
OR #41255
AND #70494
AND-NOT #70495
AND #51650
OUT #41255
STR #41255
OR #70492
AND-NOT #70493
OUT #70492
STR-NOT #70466
AND #70462
OR #70490
OR #70470
OUT #70493
STR #70492
AND #70493
OR #41256
AND-NOT #51657
AND-NOT #51667
OUT #41256
STR-NOT #70466
AND #70462
AND-NOT #70496
OR #41255
OR #41256
OR #70470
OR #41250
AND #51650
STR #27442
AND #87202
OR-STR
OUT #41250
STR #70494
OR #70492
OR #41256
OR #51657
OUT #70496
STR-NOT #70496
STR #70490
OR #78103
AND-STR
OUT #70491
STR-NOT #70470
AND #70466
STR #51650
OR-NOT #70496
AND #70467
AND #50070
OR-STR
AND-NOT #51660
AND-NOT #27402
TMR M530,M940
OUT #70467
STR #70472
AND-NOT #70483
OR #70466
OUT #70472
STR #70472
AND-NOT #70466
OR #70467
OUT #70473
STR #70473
AND #70462
STR #70463
AND-NOT #40014
AND-NOT #50053
OR-STR
OUT #70463
STR #70473
SUB M947,1,M455
STR #70473
AND #51400
OUT #70532
STR #70532
OR #70533
AND #70482
OUT #70533
STR-NOT #70532
OR #70534
AND #70473
OUT #70534
STR #70466
STR-NOT #70484
CNT M537,M947
OUT #70485
STR-NOT #70466
OR #70467
AND #70444
OUT #70474
STR-NOT #41255
STR-NOT #70494
CNT M535,M945
OUT #70495
STR #70510
OR #70512
AND-NOT #70545
OUT #70512
STR #70512
OR #70545
AND #50012
OUT #70545
STR #70511
OR #70513
AND-NOT #70546
OUT #70513
STR #70513
OR #70546
AND #50012
OUT #70546
STR #70491
OR #70505
OR #70514
AND-NOT #70547
OUT #70514
STR #70514
OR #70547
AND #50012
OUT #70547
STR #70491
OR #70505
OR #70510
OR #70511
OUT #70541
STR #70480
AND-NOT #50053
AND-NOT #70541
OUT #70540
STR #50070
OR #70725
AND #70770
AND #50073
AND-NOT #70020
OUT #70725
STR-NOT #70660
AND-NOT #70661
AND-NOT #70666
STR #70647
AND-NOT #70650
OR-STR
OUT #70647
STR #70647
TMR M524,M954
OUT #70650
STR #70647
AND-NOT #70650
OUT #70651
STR #70660
OR #70666
OR #70652
AND-NOT #70661
OUT #70652
STR #70661
OR #70653
AND-NOT #70660
AND-NOT #70666
OUT #70653
STR-NOT #70653
OR-NOT #70651
OUT #70654
STR-NOT #70652
OR-NOT #70651
OUT #70655
STR #15096
OR #11261
OR #60560
TMR M444,1
AND #50053
AND-NOT #50070
STR #15096
OR #11261
OR #60560
OR #51715
AND #50070
OR-STR
OUT #70656
STR #15097
OR #11262
OR #60561
TMR M443,1
AND #50053
AND-NOT #50070
STR #15097
OR #11262
OR #60561
OR #51716
AND #50070
OR-STR
OUT #70657
STR-NOT #70662
OR-NOT #50070
AND #70656
AND-NOT #70657
AND #70654
AND #87123
OUT #70660
STR-NOT #70662
OR-NOT #50070
AND-NOT #70656
AND #70657
AND #70655
AND #87123
OUT #70661
STR #51734
AND #70665
OR #15093
OR #60562
AND #87123
OUT #70742
STR #70641
AND #70666
OR #70686
AND-NOT #70694
AND #70773
AND-NOT #51720
AND-NOT #70705
AND-NOT #70726
OUT #70686
STR #51710
AND-NOT #21273
AND-NOT #70690
OR #41317
OR #70662
OR #70784
AND-NOT #51711
AND #70770
AND-NOT #70671
STR-NOT #70667
OR-NOT #70696
AND-STR
AND-NOT #70771
OUT #70662
STR #70662
AND #51712
AND-NOT #50070
OUT #70671
STR #51711
AND #70672
OR #70684
AND-NOT #70681
AND-NOT #70680
AND #70725
OUT #70684
STR #70675
OR #41317
AND #70684
AND-NOT #70685
AND #51711
OUT #41317
STR #70681
OR-NOT #70672
OR #70733
AND #51711
STR-NOT #70640
AND-NOT #87207
STR-NOT #75083
AND #87207
OR-STR
AND-STR
OUT #41311
STR-NOT #50050
OR #70664
AND #70662
STR-NOT #70641
OR #70694
AND-STR
AND-NOT #70724
AND-NOT #70774
AND-NOT #70727
OUT #70664
STR #50065
AND #50053
OUT #70730
STR #50065
AND #50053
AND-NOT #50692
AND-NOT #70017
OUT #70731
STR-NOT #50053
OR #70730
AND-NOT #50064
AND-NOT #70646
AND #70773
AND-NOT #50483
AND #87123
OUT #70665
STR #70664
AND #70665
AND #70654
OUT #70666
STR #70666
OUT #41312
STR #70667
AND #70683
OUT #70687
STR #70695
OR-NOT #70696
AND #70687
OR #70690
AND #50070
OUT #70690
STR #70640
AND #70743
OR #70645
OR #70670
AND #70666
OUT #70670
STR #70640
OR #70645
AND #70666
OUT #70755
STR #51710
AND-NOT #70690
OR #70694
AND-NOT #70693
AND #70725
OUT #70694
STR #70687
OR #41315
AND #70694
AND-NOT #70695
AND #51710
OUT #41315
STR #41315
OR #70692
AND-NOT #70693
OUT #70692
STR-NOT #70666
AND #70662
OR #70690
OR #70670
OUT #70693
STR #70692
AND #70693
OR #41316
AND-NOT #51717
AND-NOT #51727
OUT #41316
STR-NOT #70666
AND #70662
AND-NOT #70696
OR #41315
OR #41316
OR #70670
OR #41310
AND #51710
STR #27443
AND #87202
OR-STR
OUT #41310
STR #70694
OR #70692
OR #41316
OR #51717
OUT #70696
STR-NOT #70696
STR #70690
OR #78104
AND-STR
OUT #70691
STR-NOT #70670
AND #70666
STR #51710
OR-NOT #70696
AND #70667
AND #50070
OR-STR
AND-NOT #51720
AND-NOT #27403
TMR M520,M950
OUT #70667
STR #70672
AND-NOT #70683
OR #70666
OUT #70672
STR #70672
AND-NOT #70666
OR #70667
OUT #70673
STR #70673
AND #70662
STR #70663
AND-NOT #40014
AND-NOT #50053
OR-STR
OUT #70663
STR #70673
SUB M957,1,M445
STR #70673
AND #51400
OUT #70732
STR #70732
OR #70733
AND #70682
OUT #70733
STR-NOT #70732
OR #70734
AND #70673
OUT #70734
STR #70666
STR-NOT #70684
CNT M527,M957
OUT #70685
STR-NOT #70666
OR #70667
AND #70644
OUT #70674
STR-NOT #41315
STR-NOT #70694
CNT M525,M955
OUT #70695
STR #70710
OR #70712
AND-NOT #70745
OUT #70712
STR #70712
OR #70745
AND #50012
OUT #70745
STR #70711
OR #70713
AND-NOT #70746
OUT #70713
STR #70713
OR #70746
AND #50012
OUT #70746
STR #70691
OR #70705
OR #70714
AND-NOT #70747
OUT #70714
STR #70714
OR #70747
AND #50012
OUT #70747
STR #70691
OR #70705
OR #70710
OR #70711
OUT #70741
STR #70680
AND-NOT #50053
AND-NOT #70741
OUT #70740
STR #70091
OR #70111
OR #70140
OUT #70180
STR #70291
OR #70311
OR #70340
OUT #70380
STR #70491
OR #70511
OR #70540
OUT #70580
STR #70691
OR #70711
OR #70740
OUT #70780
STR #70180
OR #70380
OR #70580
OR #70780
OUT #40210
STR #70105
AND-NOT #70091
OR #70140
OUT #70181
STR #70305
AND-NOT #70291
OR #70340
OUT #70381
STR #70505
AND-NOT #70491
OR #70540
OUT #70581
STR #70705
AND-NOT #70691
OR #70740
OUT #70781
STR #70181
OR #70381
OR #70581
OR #70781
OUT #40211
STR #70110
OR #70111
AND-NOT #70091
AND-NOT #70105
OUT #70182
STR #70310
OR #70311
AND-NOT #70291
AND-NOT #70305
OUT #70382
STR #70510
OR #70511
AND-NOT #70491
AND-NOT #70505
OUT #70582
STR #70710
OR #70711
AND-NOT #70691
AND-NOT #70705
OUT #70782
STR #70182
OR #70382
OR #70582
OR #70782
OUT #40212
STR #70341
OR #70340
OR #70741
OR #70740
STR-NOT #70141
OR-NOT #70140
AND-STR
STR-NOT #70541
OR-NOT #70540
AND-STR
OUT #40213
STR #70541
OR #70540
OR #70741
OR #70740
STR-NOT #70141
OR-NOT #70140
AND-STR
STR-NOT #70341
OR-NOT #70340
AND-STR
OUT #40214
STR #70141
OR #70140
OR #70341
OR #70340
OR #70541
OR #70540
OR #70741
OR #70740
AND-NOT #78100
AND-NOT #87202
OUT #40010
STR #70106
OR #70107
OR #70080
OR #70156
OUT #70115
STR #70306
OR #70307
OR #70280
OR #70356
OUT #70315
STR #70506
OR #70507
OR #70480
OR #70556
OUT #70515
STR #70706
OR #70707
OR #70680
OR #70756
OUT #70715
STR #70100
AND-NOT #51542
OR #51541
AND-NOT #51540
AND-NOT #70131
AND-NOT #70115
STR #70107
AND-NOT #70131
AND-NOT #70106
OR #70080
OR-STR
AND-NOT #70156
OUT #70224
STR #70300
AND-NOT #51602
OR #51601
AND-NOT #51600
AND-NOT #70331
AND-NOT #70315
STR #70307
AND-NOT #70331
AND-NOT #70306
OR #70280
OR-STR
AND-NOT #70356
OUT #70225
STR #70500
AND-NOT #51662
OR #51661
AND-NOT #51660
AND-NOT #70531
AND-NOT #70515
STR #70507
AND-NOT #70531
AND-NOT #70506
OR #70480
OR-STR
AND-NOT #70556
OUT #70424
STR #70700
AND-NOT #51722
OR #51721
AND-NOT #51720
AND-NOT #70731
AND-NOT #70715
STR #70707
AND-NOT #70731
AND-NOT #70706
OR #70680
OR-STR
AND-NOT #70756
OUT #70624
STR #70224
OR #70225
OR #70424
OR #70624
OUT #40230
STR #51542
OR #70100
AND-NOT #51541
AND-NOT #51540
AND-NOT #70115
STR #70106
OR #70107
AND-NOT #70080
OR-STR
AND-NOT #70156
OUT #70216
STR #51602
OR #70300
AND-NOT #51601
AND-NOT #51600
AND-NOT #70315
STR #70306
OR #70307
AND-NOT #70280
OR-STR
AND-NOT #70356
OUT #70217
STR #51662
OR #70500
AND-NOT #51661
AND-NOT #51660
AND-NOT #70515
STR #70506
OR #70507
AND-NOT #70480
OR-STR
AND-NOT #70556
OUT #70416
STR #51722
OR #70700
AND-NOT #51721
AND-NOT #51720
AND-NOT #70715
STR #70706
OR #70707
AND-NOT #70680
OR-STR
AND-NOT #70756
OUT #70616
STR #70216
OR #70217
OR #70416
OR #70616
OUT #40231
STR-NOT #70115
AND-NOT #70315
AND-NOT #70515
AND-NOT #70715
OUT #40232
STR #70115
OR #51540
OR #51541
OR #51542
OR #70100
OR #70156
OUT #70214
STR #70315
OR #51600
OR #51601
OR #51602
OR #70300
OR #70356
OUT #70215
STR #70515
OR #51660
OR #51661
OR #51662
OR #70500
OR #70556
OUT #70414
STR #70715
OR #51720
OR #51721
OR #51722
OR #70700
OR #70756
OUT #70614
STR #70215
OR #70614
AND-NOT #70214
AND-NOT #70414
OUT #40233
STR #70414
OR #70614
AND-NOT #70214
AND-NOT #70215
OUT #40234
STR #70214
OR #70215
OR #70414
OR #70614
AND-NOT #78100
OUT #40011
STR #70130
OR #70131
OR #70330
OR #70331
OR #70530
OR #70531
OR #70730
OR #70731
OUT #70195
STR #70080
OR #70280
OR #70480
OR #70680
AND-NOT #40067
OUT #70197
STR #70074
AND #70082
TMR M551,M921
OUT #70075
STR #70074
AND #70133
TMR M559,M921
OUT #70137
STR-NOT #50053
AND-NOT #70170
AND #70074
AND-NOT #70084
OUT #70076
STR #70076
OR #70075
OR #70077
OR #70137
AND #70074
OUT #70077
STR #70077
AND #70085
OR #70076
STR #70075
OR #70137
AND-NOT #50070
OR-STR
OR #70080
AND #70074
OUT #70080
STR-NOT #70074
AND #70082
TMR M552,M922
OUT #70081
STR-NOT #70074
AND #70133
TMR M558,M922
OUT #70135
STR #70074
AND #70133
OUT #70136
STR #70073
TMR M553,M923
OUT #70082
STR #70075
OR #70081
OR #70135
OR #70137
STR #70134
OR #70133
AND-STR
OUT #70083
STR #70274
AND #70282
TMR M541,M931
OUT #70275
STR #70274
AND #70333
TMR M549,M931
OUT #70337
STR-NOT #50053
AND-NOT #70370
AND #70274
AND-NOT #70284
OUT #70276
STR #70276
OR #70275
OR #70277
OR #70337
AND #70274
OUT #70277
STR #70277
AND #70285
OR #70276
STR #70275
OR #70337
AND-NOT #50070
OR-STR
OR #70280
AND #70274
OUT #70280
STR-NOT #70274
AND #70282
TMR M542,M932
OUT #70281
STR-NOT #70274
AND #70333
TMR M548,M932
OUT #70335
STR #70274
AND #70333
OUT #70336
STR #70273
TMR M543,M933
OUT #70282
STR #70275
OR #70281
OR #70335
OR #70337
STR #70334
OR #70333
AND-STR
OUT #70283
STR #70474
AND #70482
TMR M531,M941
OUT #70475
STR #70474
AND #70533
TMR M539,M941
OUT #70537
STR-NOT #50053
AND-NOT #70570
AND #70474
AND-NOT #70484
OUT #70476
STR #70476
OR #70475
OR #70477
OR #70537
AND #70474
OUT #70477
STR #70477
AND #70485
OR #70476
STR #70475
OR #70537
AND-NOT #50070
OR-STR
OR #70480
AND #70474
OUT #70480
STR-NOT #70474
AND #70482
TMR M532,M942
OUT #70481
STR-NOT #70474
AND #70533
TMR M538,M942
OUT #70535
STR #70474
AND #70533
OUT #70536
STR #70473
TMR M533,M943
OUT #70482
STR #70475
OR #70481
OR #70535
OR #70537
STR #70534
OR #70533
AND-STR
OUT #70483
STR #70674
AND #70682
TMR M521,M951
OUT #70675
STR #70674
AND #70733
TMR M529,M951
OUT #70737
STR-NOT #50053
AND-NOT #70770
AND #70674
AND-NOT #70684
OUT #70676
STR #70676
OR #70675
OR #70677
OR #70737
AND #70674
OUT #70677
STR #70677
AND #70685
OR #70676
STR #70675
OR #70737
AND-NOT #50070
OR-STR
OR #70680
AND #70674
OUT #70680
STR-NOT #70674
AND #70682
TMR M522,M952
OUT #70681
STR-NOT #70674
AND #70733
TMR M528,M952
OUT #70735
STR #70674
AND #70733
OUT #70736
STR #70673
TMR M523,M953
OUT #70682
STR #70675
OR #70681
OR #70735
OR #70737
STR #70734
OR #70733
AND-STR
OUT #70683
STR #70134
OR #70136
OR #70126
OUT #70185
STR #70334
OR #70336
OR #70326
OUT #70385
STR #70534
OR #70536
OR #70526
OUT #70585
STR #70734
OR #70736
OR #70726
OUT #70785
STR #70077
AND-NOT #70096
OR #70067
OUT #70186
STR #70277
AND-NOT #70296
OR #70267
OUT #70386
STR #70477
AND-NOT #70496
OR #70467
OUT #70586
STR #70677
AND-NOT #70696
OR #70667
OUT #70786
STR #70185
AND #87090
OUT #70175
STR #70385
AND #87101
OUT #70375
STR #70585
AND #87112
OUT #70575
STR #70785
AND #87123
OUT #70775
STR #70186
AND #87090
OUT #70176
STR #70386
AND #87101
OUT #70376
STR #70586
AND #87112
OUT #70576
STR #70786
AND #87123
OUT #70776
STR #70065
AND #70062
AND-NOT #70155
AND-NOT #70124
AND-NOT #70127
AND #87090
OUT #70177
STR #70265
AND #70262
AND-NOT #70355
AND-NOT #70324
AND-NOT #70327
AND #87101
OUT #70377
STR #70465
AND #70462
AND-NOT #70555
AND-NOT #70524
AND-NOT #70527
AND #87112
OUT #70577
STR #70665
AND #70662
AND-NOT #70755
AND-NOT #70724
AND-NOT #70727
AND #87123
OUT #70777
STR #70175
STR #70176
AND #40130
OR-STR
STR #70177
AND-NOT #87202
AND-NOT #51543
OR-STR
AND #50070
AND #79397
STR #78101
AND #78126
AND-NOT #70096
OR-STR
AND-NOT #70040
AND-NOT #78140
OR #75770
OUT #40130
STR #70375
STR #70376
AND #40131
OR-STR
STR #70377
AND-NOT #87202
AND-NOT #51603
OR-STR
AND #50070
AND #79397
STR #78102
AND #78126
AND-NOT #70296
OR-STR
AND-NOT #70240
AND-NOT #78141
OR #75771
OUT #40131
STR #70575
STR #70576
AND #40132
OR-STR
STR #70577
AND-NOT #87202
AND-NOT #51663
OR-STR
AND #50070
AND #79397
STR #78103
AND #78126
AND-NOT #70496
OR-STR
AND-NOT #70440
AND-NOT #78142
OR #75772
OUT #40132
STR #70775
STR #70776
AND #40133
OR-STR
STR #70777
AND-NOT #87202
AND-NOT #51723
OR-STR
AND #50070
AND #79397
STR #78104
AND #78126
AND-NOT #70696
OR-STR
AND-NOT #70640
AND-NOT #78143
OR #75773
OUT #40133
STR #75644
OUT #40134
STR #75645
OUT #40135
STR #75646
OUT #40136
STR #75647
OUT #40137
STR #70024
AND-NOT #87017
STR-NOT #70024
AND #87017
OR-STR
OUT #70012
STR #70080
OR #70280
OR #70480
OR #70680
OR #70027
OR #70012
OUT #40067
STR #70097
AND-NOT #51543
AND #70041
OR #70127
AND-NOT #70105
OUT #70127
STR #70297
AND-NOT #51603
AND #70241
OR #70327
AND-NOT #70305
OUT #70327
STR #70497
AND-NOT #51663
AND #70441
OR #70527
AND-NOT #70505
OUT #70527
STR #70697
AND-NOT #51723
AND #70641
OR #70727
AND-NOT #70705
OUT #70727
STR #70117
AND-NOT #51540
OR #70104
OR #51541
OR #51542
AND #70086
STR #70117
AND-NOT #51540
AND #70126
OR-STR
STR #70127
AND-NOT #51540
OR-STR
OR #70105
AND #50070
OUT #70105
STR #70116
OUT #70117
STR #70152
OUT #70116
STR #70151
OUT #70152
STR #70150
OUT #70151
STR #41140
OUT #70150
STR #70121
AND-NOT #51541
STR-NOT #51543
AND #70097
OR-STR
OR #70104
OR #70106
AND #70042
OUT #70106
STR #70120
OUT #70121
STR #41141
OUT #70120
STR #70123
AND-NOT #51542
STR-NOT #51543
AND #70097
OR-STR
OR #70104
OR #70107
AND #70043
OUT #70107
STR #70122
OUT #70123
STR #41142
OUT #70122
STR-NOT #51541
AND #70102
OR #70110
OR #70042
AND #70042
AND #50070
OUT #70110
STR-NOT #51542
AND #70102
OR #70111
OR-NOT #70066
AND #70043
AND #50070
OUT #70111
STR #51540
OR #51541
OR #51542
OUT #70103
STR #70086
AND-NOT #70104
OR #70126
AND-NOT #70105
AND-NOT #70103
AND-NOT #70127
OUT #70126
STR #70126
AND-NOT #70041
OUT #41140
STR #70042
AND-NOT #70086
AND-NOT #70104
OR #41141
AND-NOT #70106
AND-NOT #70103
OUT #41141
STR #70043
AND-NOT #70086
AND-NOT #70042
AND-NOT #70104
OR #41142
AND-NOT #70107
AND-NOT #70103
OUT #41142
STR #41140
OR #70100
STR-NOT #51543
AND-NOT #41143
OR-NOT #51540
AND-STR
AND-NOT #70105
AND-NOT #70101
OUT #70100
STR #70117
OR #70124
AND-NOT #51543
AND #51540
OUT #70124
STR #51543
OR #70097
AND #70103
OUT #70097
STR #70103
AND-NOT #70097
AND-NOT #41143
AND-NOT #70110
AND-NOT #70111
OUT #70102
STR-NOT #70103
STR-NOT #70062
CNT M556,M926
OR #70096
OUT #70104
STR #50054
AND-NOT #70066
AND-NOT #51531
AND-NOT #70073
AND-NOT #70045
AND #70040
AND-NOT #30084
OUT #70157
STR #70157
TMR M470,30
OUT #70156
STR #70070
OR #51540
AND-NOT #70040
AND-NOT #70094
AND-NOT #51543
AND #50070
TMR M471,10
OR #70154
AND-NOT #70045
AND #70066
OUT #70154
STR #78712
AND #70166
TMR M472,1
OUT #70153
STR #70153
AND-NOT #78100
AND-NOT #87202
OUT #41154
STR #70040
OUT #41153
STR #70130
AND #70065
OUT #41166
STR #70131
AND #50490
OUT #41167
STR #70317
AND-NOT #51600
OR #70304
OR #51601
OR #51602
AND #70286
STR #70317
AND-NOT #51600
AND #70326
OR-STR
STR #70327
AND-NOT #51600
OR-STR
OR #70305
AND #50070
OUT #70305
STR #70316
OUT #70317
STR #70352
OUT #70316
STR #70351
OUT #70352
STR #70350
OUT #70351
STR #41200
OUT #70350
STR #70321
AND-NOT #51601
STR-NOT #51603
AND #70297
OR-STR
OR #70304
OR #70306
AND #70242
OUT #70306
STR #70320
OUT #70321
STR #41201
OUT #70320
STR #70323
AND-NOT #51602
STR-NOT #51603
AND #70297
OR-STR
OR #70304
OR #70307
AND #70243
OUT #70307
STR #70322
OUT #70323
STR #41202
OUT #70322
STR-NOT #51601
AND #70302
OR #70310
OR #70242
AND #70242
AND #50070
OUT #70310
STR-NOT #51602
AND #70302
OR #70311
OR-NOT #70266
AND #70243
AND #50070
OUT #70311
STR #51600
OR #51601
OR #51602
OUT #70303
STR #70286
AND-NOT #70304
OR #70326
AND-NOT #70305
AND-NOT #70303
AND-NOT #70327
OUT #70326
STR #70326
AND-NOT #70241
OUT #41200
STR #70242
AND-NOT #70286
AND-NOT #70304
OR #41201
AND-NOT #70306
AND-NOT #70303
OUT #41201
STR #70243
AND-NOT #70286
AND-NOT #70242
AND-NOT #70304
OR #41202
AND-NOT #70307
AND-NOT #70303
OUT #41202
STR #41200
OR #70300
STR-NOT #51603
AND-NOT #41203
OR-NOT #51600
AND-STR
AND-NOT #70305
AND-NOT #70301
OUT #70300
STR #70317
OR #70324
AND-NOT #51603
AND #51600
OUT #70324
STR #51603
OR #70297
AND #70303
OUT #70297
STR #70303
AND-NOT #70297
AND-NOT #41203
AND-NOT #70310
AND-NOT #70311
OUT #70302
STR-NOT #70303
STR-NOT #70262
CNT M546,M936
OR #70296
OUT #70304
STR #50054
AND-NOT #70266
AND-NOT #51591
AND-NOT #70273
AND-NOT #70245
AND #70240
AND-NOT #30484
OUT #70357
STR #70357
TMR M460,30
OUT #70356
STR #70270
OR #51600
AND-NOT #70240
AND-NOT #70294
AND-NOT #51603
AND #50070
TMR M461,10
OR #70354
AND-NOT #70245
AND #70266
OUT #70354
STR #78722
AND #70366
TMR M462,1
OUT #70353
STR #70353
AND-NOT #78100
AND-NOT #87202
OUT #41214
STR #70240
OUT #41213
STR #70330
AND #70265
OUT #41226
STR #70331
AND #50491
OUT #41227
STR #70517
AND-NOT #51660
OR #70504
OR #51661
OR #51662
AND #70486
STR #70517
AND-NOT #51660
AND #70526
OR-STR
STR #70527
AND-NOT #51660
OR-STR
OR #70505
AND #50070
OUT #70505
STR #70516
OUT #70517
STR #70552
OUT #70516
STR #70551
OUT #70552
STR #70550
OUT #70551
STR #41260
OUT #70550
STR #70521
AND-NOT #51661
STR-NOT #51663
AND #70497
OR-STR
OR #70504
OR #70506
AND #70442
OUT #70506
STR #70520
OUT #70521
STR #41261
OUT #70520
STR #70523
AND-NOT #51662
STR-NOT #51663
AND #70497
OR-STR
OR #70504
OR #70507
AND #70443
OUT #70507
STR #70522
OUT #70523
STR #41262
OUT #70522
STR-NOT #51661
AND #70502
OR #70510
OR #70442
AND #70442
AND #50070
OUT #70510
STR-NOT #51662
AND #70502
OR #70511
OR-NOT #70466
AND #70443
AND #50070
OUT #70511
STR #51660
OR #51661
OR #51662
OUT #70503
STR #70486
AND-NOT #70504
OR #70526
AND-NOT #70505
AND-NOT #70503
AND-NOT #70527
OUT #70526
STR #70526
AND-NOT #70441
OUT #41260
STR #70442
AND-NOT #70486
AND-NOT #70504
OR #41261
AND-NOT #70506
AND-NOT #70503
OUT #41261
STR #70443
AND-NOT #70486
AND-NOT #70442
AND-NOT #70504
OR #41262
AND-NOT #70507
AND-NOT #70503
OUT #41262
STR #41260
OR #70500
STR-NOT #51663
AND-NOT #41263
OR-NOT #51660
AND-STR
AND-NOT #70505
AND-NOT #70501
OUT #70500
STR #70517
OR #70524
AND-NOT #51663
AND #51660
OUT #70524
STR #51663
OR #70497
AND #70503
OUT #70497
STR #70503
AND-NOT #70497
AND-NOT #41263
AND-NOT #70510
AND-NOT #70511
OUT #70502
STR-NOT #70503
STR-NOT #70462
CNT M536,M946
OR #70496
OUT #70504
STR #50054
AND-NOT #70466
AND-NOT #51651
AND-NOT #70473
AND-NOT #70445
AND #70440
AND-NOT #30884
OUT #70557
STR #70557
TMR M450,30
OUT #70556
STR #70470
OR #51660
AND-NOT #70440
AND-NOT #70494
AND-NOT #51663
AND #50070
TMR M451,10
OR #70554
AND-NOT #70445
AND #70466
OUT #70554
STR #78732
AND #70566
TMR M452,1
OUT #70553
STR #70553
AND-NOT #78100
AND-NOT #87202
OUT #41274
STR #70440
OUT #41273
STR #70530
AND #70465
OUT #41286
STR #70531
AND #50492
OUT #41287
STR #70717
AND-NOT #51720
OR #70704
OR #51721
OR #51722
AND #70686
STR #70717
AND-NOT #51720
AND #70726
OR-STR
STR #70727
AND-NOT #51720
OR-STR
OR #70705
AND #50070
OUT #70705
STR #70716
OUT #70717
STR #70752
OUT #70716
STR #70751
OUT #70752
STR #70750
OUT #70751
STR #41320
OUT #70750
STR #70721
AND-NOT #51721
STR-NOT #51723
AND #70697
OR-STR
OR #70704
OR #70706
AND #70642
OUT #70706
STR #70720
OUT #70721
STR #41321
OUT #70720
STR #70723
AND-NOT #51722
STR-NOT #51723
AND #70697
OR-STR
OR #70704
OR #70707
AND #70643
OUT #70707
STR #70722
OUT #70723
STR #41322
OUT #70722
STR-NOT #51721
AND #70702
OR #70710
OR #70642
AND #70642
AND #50070
OUT #70710
STR-NOT #51722
AND #70702
OR #70711
OR-NOT #70666
AND #70643
AND #50070
OUT #70711
STR #51720
OR #51721
OR #51722
OUT #70703
STR #70686
AND-NOT #70704
OR #70726
AND-NOT #70705
AND-NOT #70703
AND-NOT #70727
OUT #70726
STR #70726
AND-NOT #70641
OUT #41320
STR #70642
AND-NOT #70686
AND-NOT #70704
OR #41321
AND-NOT #70706
AND-NOT #70703
OUT #41321
STR #70643
AND-NOT #70686
AND-NOT #70642
AND-NOT #70704
OR #41322
AND-NOT #70707
AND-NOT #70703
OUT #41322
STR #41320
OR #70700
STR-NOT #51723
AND-NOT #41323
OR-NOT #51720
AND-STR
AND-NOT #70705
AND-NOT #70701
OUT #70700
STR #70717
OR #70724
AND-NOT #51723
AND #51720
OUT #70724
STR #51723
OR #70697
AND #70703
OUT #70697
STR #70703
AND-NOT #70697
AND-NOT #41323
AND-NOT #70710
AND-NOT #70711
OUT #70702
STR-NOT #70703
STR-NOT #70662
CNT M526,M956
OR #70696
OUT #70704
STR #50054
AND-NOT #70666
AND-NOT #51711
AND-NOT #70673
AND-NOT #70645
AND #70640
AND-NOT #31284
OUT #70757
STR #70757
TMR M440,30
OUT #70756
STR #70670
OR #51720
AND-NOT #70640
AND-NOT #70694
AND-NOT #51723
AND #50070
TMR M441,10
OR #70754
AND-NOT #70645
AND #70666
OUT #70754
STR #78742
AND #70766
TMR M442,1
OUT #70753
STR #70753
AND-NOT #78100
AND-NOT #87202
OUT #41334
STR #70640
OUT #41333
STR #70730
AND #70665
OUT #41346
STR #70731
AND #50493
OUT #41347
STR-NOT #70040
OR #70143
AND-NOT #70105
AND #70066
AND #87090
OUT #70143
STR-NOT #70240
OR #70343
AND-NOT #70305
AND #70266
AND #87101
OUT #70343
STR-NOT #70440
OR #70543
AND-NOT #70505
AND #70466
AND #87112
OUT #70543
STR-NOT #70640
OR #70743
AND-NOT #70705
AND #70666
AND #87123
OUT #70743
STR #70343
OUT #41231
STR #70543
OUT #41291
STR #70743
OUT #41351
PART 2
STR #77000
OUT #77000
GSTR #20010
GOUT #75000
STR #75000
OR #75610
OUT #70010
STR #75001
OR #75622
OUT #70024
STR #75002
OR #75612
OUT #40070
STR #75003
OR #75613
OUT #40014
STR #75004
OR #75611
OUT #40045
STR #75005
OR #75626
OUT #40064
STR #75006
OR #75614
OUT #40016
GSTR #20020
GOUT #75010
STR #75010
OR #75014
OR #75630
OR #75634
OUT #70046
STR #75011
OR #75014
OR #75631
OR #75634
OUT #70246
STR #75012
OR #75014
OR #75632
OR #75634
OUT #70446
STR #75013
OR #75014
OR #75633
OR #75634
OUT #70646
STR #75634
OUT #70846
STR #75635
OUT #71046
STR #75636
OUT #71246
STR #75637
OUT #71446
STR #75010
OR #75014
OR #75630
OR #75634
OUT #41162
STR #75011
OR #75014
OR #75631
OR #75634
OUT #41222
STR #75012
OR #75014
OR #75632
OR #75634
OUT #41282
STR #75013
OR #75014
OR #75633
OR #75634
OUT #41342
STR #75015
OUT #70045
STR #75015
OUT #70245
STR #75015
OUT #70445
STR #75015
OUT #70645
STR #75016
OUT #40047
STR #77010
OUT #77010
STR #15124
AND #87090
OUT #70101
STR #15125
OUT #41143
STR #25110
AND-NOT #27400
OUT #70162
STR #25111
AND-NOT #27400
OUT #70164
STR #75032
STR #50054
OR #50070
AND-STR
AND #87090
OUT #70167
STR #15114
AND #87101
OUT #70301
STR #15115
OUT #41203
STR #25090
AND-NOT #27401
OUT #70362
STR #25091
AND-NOT #27401
OUT #70364
STR #75052
STR #50054
OR #50070
AND-STR
AND #87101
OUT #70367
STR #15104
AND #87112
OUT #70501
STR #15105
OUT #41263
STR #25070
AND-NOT #27402
OUT #70562
STR #25071
AND-NOT #27402
OUT #70564
STR #75072
STR #50054
OR #50070
AND-STR
AND #87112
OUT #70567
STR #15094
AND #87123
OUT #70701
STR #15095
OUT #41323
STR #25050
AND-NOT #27403
OUT #70762
STR #25051
AND-NOT #27403
OUT #70764
STR #75092
STR #50054
OR #50070
AND-STR
AND #87123
OUT #70767
STR #77001
OUT #77001
GSTR #76000
GOUT #30010
STR #50070
OUT #76000
STR #50073
OUT #76001
STR #50020
OUT #76002
STR #70020
OR #50014
OR #50015
OR #50016
OUT #76003
STR #50071
OUT #76004
STR-NOT #40057
OR #50056
OUT #76005
STR #50054
OUT #76006
STR #50053
OUT #76007
STR #76010
OUT #30020
STR #76011
OUT #30021
STR #76012
OUT #30022
STR #76013
OUT #30023
STR #76014
OR #00057
OUT #30024
STR #76015
OUT #30025
STR #76016
OUT #30026
STR #76017
OUT #30027
STR #77007
OUT #77007
GSTR #20030
GOUT #00010
GSTR #20040
GOUT #00020
GSTR #20050
GOUT #00030
STR #77011
OUT #77011
GSTR #10010
GOUT #30030
STR #78322
OR #78325
OR #78327
STR #78302
OR #78303
AND-STR
STR #78372
AND-NOT #20040
OR-STR
OUT #30040
STR #10021
OUT #30041
STR #10022
OUT #30042
STR #10023
OUT #30043
STR #10024
OUT #30044
STR #10025
AND-NOT #78170
OUT #30045
STR #10026
OUT #30046
STR #10027
OUT #30047
STR #10030
OUT #30050
STR #10031
OUT #30051
STR #10032
OUT #30052
STR #10033
AND-NOT #27176
STR #50073
AND #27176
OR-STR
OUT #30053
STR #10034
OUT #30054
STR #10035
OUT #30055
STR #10036
OUT #30056
STR #10037
OUT #30057
STR #77002
OUT #77002
GSTR #20060
GOUT #00040
GSTR #10040
GOUT #30060
STR #20070
OUT #75020
STR #20071
AND #87090
OUT #75021
STR #20072
AND #87090
OUT #75022
STR #20073
AND #87090
OUT #75023
STR #20074
AND #70066
OUT #75024
STR #20075
AND #87090
OUT #75025
STR #20076
AND #87090
OUT #75026
STR #20077
OUT #75027
GSTR #75020
GOUT #00050
STR #20080
AND #87090
OUT #75030
STR #20081
AND #87090
OUT #75031
STR #20082
AND #87090
OUT #75032
STR #20083
OUT #75033
STR #20084
OUT #75034
STR #20085
OUT #75035
STR #20086
OUT #75036
STR #20087
OUT #75037
GSTR #75030
GOUT #00060
GSTR #20090
GOUT #00070
GSTR #20100
GOUT #00080
GSTR #20110
GOUT #00090
GSTR #20120
GOUT #00100
GSTR #20130
GOUT #00110
GSTR #20140
GOUT #00120
GSTR #20150
GOUT #00130
GSTR #20160
GOUT #00140
GSTR #20170
GOUT #00150
GSTR #20180
GOUT #00160
GSTR #20190
GOUT #00170
GSTR #20200
GOUT #00180
GSTR #20210
GOUT #00190
GSTR #20220
GOUT #00200
GSTR #20230
GOUT #00210
GSTR #20240
GOUT #00220
GSTR #20250
GOUT #00230
GSTR #20260
GOUT #00240
GSTR #20270
GOUT #00250
GSTR #20280
GOUT #00260
GSTR #20290
GOUT #00270
GSTR #20300
GOUT #00280
GSTR #20310
GOUT #00290
GSTR #20320
GOUT #00300
GSTR #20330
GOUT #00310
GSTR #20340
GOUT #00320
GSTR #20350
GOUT #00330
GSTR #20360
GOUT #00340
GSTR #20370
GOUT #00350
GSTR #20380
GOUT #00360
GSTR #20390
GOUT #00370
GSTR #20400
GOUT #00380
STR #70017
MOV W#20390,M222
STR #70017
MOV M222,M225
STR #70017
SUB M225,65535,M223
GSTR #20410
GOUT #00390
GSTR #20420
GOUT #00400
GSTR #20430
GOUT #00410
GSTR #20440
GOUT #00420
GSTR #20450
GOUT #00430
GSTR #20460
GOUT #00440
STR #20470
OUT #75040
STR #20471
AND #87101
OUT #75041
STR #20472
AND #87101
OUT #75042
STR #20473
AND #87101
OUT #75043
STR #20474
AND #70266
OUT #75044
STR #20475
AND #87101
OUT #75045
STR #20476
AND #87101
OUT #75046
STR #20477
OUT #75047
GSTR #75040
GOUT #00450
STR #20480
AND #87101
OUT #75050
STR #20481
AND #87101
OUT #75051
STR #20482
AND #87101
OUT #75052
STR #20483
OUT #75053
STR #20484
OUT #75054
STR #20485
OUT #75055
STR #20486
OUT #75056
STR #20487
OUT #75057
GSTR #75050
GOUT #00460
GSTR #20490
GOUT #00470
GSTR #20500
GOUT #00480
GSTR #20510
GOUT #00490
GSTR #20520
GOUT #00500
GSTR #20530
GOUT #00510
GSTR #20540
GOUT #00520
GSTR #20550
GOUT #00530
GSTR #20560
GOUT #00540
GSTR #20570
GOUT #00550
GSTR #20580
GOUT #00560
GSTR #20590
GOUT #00570
GSTR #20600
GOUT #00580
GSTR #20610
GOUT #00590
GSTR #20620
GOUT #00600
GSTR #20630
GOUT #00610
GSTR #20640
GOUT #00620
GSTR #20650
GOUT #00630
GSTR #20660
GOUT #00640
GSTR #20670
GOUT #00650
GSTR #20680
GOUT #00660
GSTR #20690
GOUT #00670
GSTR #20700
GOUT #00680
GSTR #20710
GOUT #00690
GSTR #20720
GOUT #00700
GSTR #20730
GOUT #00710
GSTR #20740
GOUT #00720
GSTR #20750
GOUT #00730
GSTR #20760
GOUT #00740
GSTR #20770
GOUT #00750
GSTR #20780
GOUT #00760
GSTR #20790
GOUT #00770
STR #70017
MOV W#20790,M232
STR #70017
MOV M232,M235
STR #70017
SUB M235,65535,M233
GSTR #20800
GOUT #00780
GSTR #20810
GOUT #00790
GSTR #20820
GOUT #00800
GSTR #20830
GOUT #00810
GSTR #20840
GOUT #00820
GSTR #20850
GOUT #00830
GSTR #20860
GOUT #00840
STR #20870
OUT #75060
STR #20871
AND #87112
OUT #75061
STR #20872
AND #87112
OUT #75062
STR #20873
AND #87112
OUT #75063
STR #20874
AND #70466
OUT #75064
STR #20875
AND #87112
OUT #75065
STR #20876
AND #87112
OUT #75066
STR #20877
OUT #75067
GSTR #75060
GOUT #00850
STR #20880
AND #87112
OUT #75070
STR #20881
AND #87112
OUT #75071
STR #20882
AND #87112
OUT #75072
STR #20883
OUT #75073
STR #20884
OUT #75074
STR #20885
OUT #75075
STR #20886
OUT #75076
STR #20887
OUT #75077
GSTR #75070
GOUT #00860
GSTR #20890
GOUT #00870
GSTR #20900
GOUT #00880
GSTR #20910
GOUT #00890
GSTR #20920
GOUT #00900
GSTR #20930
GOUT #00910
GSTR #20940
GOUT #00920
GSTR #20950
GOUT #00930
GSTR #20960
GOUT #00940
GSTR #20970
GOUT #00950
GSTR #20980
GOUT #00960
GSTR #20990
GOUT #00970
GSTR #21000
GOUT #00980
GSTR #21010
GOUT #00990
GSTR #21020
GOUT #01000
GSTR #21030
GOUT #01010
GSTR #21040
GOUT #01020
GSTR #21050
GOUT #01030
GSTR #21060
GOUT #01040
GSTR #21070
GOUT #01050
GSTR #21080
GOUT #01060
GSTR #21090
GOUT #01070
GSTR #21100
GOUT #01080
GSTR #21110
GOUT #01090
GSTR #21120
GOUT #01100
GSTR #21130
GOUT #01110
GSTR #21140
GOUT #01120
GSTR #21150
GOUT #01130
GSTR #21160
GOUT #01140
GSTR #21170
GOUT #01150
GSTR #21180
GOUT #01160
STR #70017
MOV W#21190,M242
STR #70017
MOV M242,M245
STR #70017
SUB M245,65535,M243
GSTR #21210
GOUT #01190
GSTR #21220
GOUT #01200
GSTR #21230
GOUT #01210
GSTR #21240
GOUT #01220
GSTR #21250
GOUT #01230
GSTR #21260
GOUT #01240
STR #21270
OUT #75080
STR #21271
AND #87123
OUT #75081
STR #21272
AND #87123
OUT #75082
STR #21273
AND #87123
OUT #75083
STR #21274
AND #70666
OUT #75084
STR #21275
AND #87123
OUT #75085
STR #21276
AND #87123
OUT #75086
STR #21277
OUT #75087
GSTR #75080
GOUT #01250
STR #21280
AND #87123
OUT #75090
STR #21281
AND #87123
OUT #75091
STR #21282
AND #87123
OUT #75092
STR #21283
OUT #75093
STR #21284
OUT #75094
STR #21285
OUT #75095
STR #21286
OUT #75096
STR #21287
OUT #75097
GSTR #75090
GOUT #01260
GSTR #21290
GOUT #01270
GSTR #21300
GOUT #01280
GSTR #21310
GOUT #01290
GSTR #21320
GOUT #01300
GSTR #21330
GOUT #01310
GSTR #21340
GOUT #01320
GSTR #21350
GOUT #01330
GSTR #21360
GOUT #01340
GSTR #21370
GOUT #01350
GSTR #21380
GOUT #01360
GSTR #21390
GOUT #01370
GSTR #21400
GOUT #01380
GSTR #21410
GOUT #01390
GSTR #21420
GOUT #01400
GSTR #21430
GOUT #01410
GSTR #21440
GOUT #01420
GSTR #21450
GOUT #01430
GSTR #21460
GOUT #01440
GSTR #21470
GOUT #01450
GSTR #21480
GOUT #01460
GSTR #21490
GOUT #01470
GSTR #21500
GOUT #01480
GSTR #21510
GOUT #01490
GSTR #21520
GOUT #01500
GSTR #21530
GOUT #01510
GSTR #21540
GOUT #01520
GSTR #21550
GOUT #01530
GSTR #21560
GOUT #01540
GSTR #21570
GOUT #01550
GSTR #21580
GOUT #01560
GSTR #21590
GOUT #01570
STR #70017
MOV W#21590,M252
STR #70017
MOV M252,M255
STR #70017
SUB M255,65535,M253
GSTR #21600
GOUT #01580
GSTR #21610
GOUT #01590
GSTR #21620
GOUT #01600
GSTR #21630
GOUT #01610
GSTR #21640
GOUT #01620
GSTR #21650
GOUT #01630
GSTR #21660
GOUT #01640
GSTR #21670
GOUT #01650
GSTR #21680
GOUT #01660
GSTR #21690
GOUT #01670
GSTR #21700
GOUT #01680
GSTR #21710
GOUT #01690
GSTR #21720
GOUT #01700
GSTR #21730
GOUT #01710
GSTR #21740
GOUT #01720
GSTR #21750
GOUT #01730
GSTR #21760
GOUT #01740
GSTR #21770
GOUT #01750
GSTR #21780
GOUT #01760
GSTR #21790
GOUT #01770
GSTR #21800
GOUT #01780
GSTR #21810
GOUT #01790
GSTR #21820
GOUT #01800
GSTR #21830
GOUT #01810
GSTR #21840
GOUT #01820
GSTR #21850
GOUT #01830
GSTR #21860
GOUT #01840
GSTR #21870
GOUT #01850
GSTR #27160
GOUT #01860
GSTR #27170
GOUT #01870
STR #77013
OUT #77013
GSTR #10070
GOUT #30090
GSTR #10090
GOUT #30110
GSTR #10100
GOUT #30120
GSTR #10110
GOUT #30130
GSTR #10120
GOUT #30140
GSTR #10210
GOUT #30230
GSTR #10220
GOUT #30240
GSTR #10250
GOUT #30270
GSTR #10260
GOUT #30280
GSTR #10270
GOUT #30290
GSTR #10280
GOUT #30300
GSTR #10290
GOUT #30310
GSTR #10300
GOUT #30320
GSTR #10310
GOUT #30330
GSTR #10320
GOUT #30340
GSTR #10330
GOUT #30350
GSTR #10340
GOUT #30360
GSTR #10350
GOUT #30370
GSTR #10360
GOUT #30380
STR #70017
MOV M224,W#30390
GSTR #10390
GOUT #30410
GSTR #10400
GOUT #30420
GSTR #10410
GOUT #30430
GSTR #10420
GOUT #30440
GSTR #10430
GOUT #30450
GSTR #10440
GOUT #30460
GSTR #10470
GOUT #30490
GSTR #10490
GOUT #30510
GSTR #10500
GOUT #30520
GSTR #10510
GOUT #30530
GSTR #10520
GOUT #30540
GSTR #10610
GOUT #30630
GSTR #10620
GOUT #30640
GSTR #10650
GOUT #30670
GSTR #10660
GOUT #30680
GSTR #10670
GOUT #30690
GSTR #10680
GOUT #30700
GSTR #10690
GOUT #30710
GSTR #10700
GOUT #30720
GSTR #10710
GOUT #30730
GSTR #10720
GOUT #30740
GSTR #10730
GOUT #30750
GSTR #10740
GOUT #30760
GSTR #10750
GOUT #30770
GSTR #10760
GOUT #30780
STR #70017
MOV M234,W#30790
GSTR #10790
GOUT #30810
GSTR #10800
GOUT #30820
GSTR #10810
GOUT #30830
GSTR #10820
GOUT #30840
GSTR #10830
GOUT #30850
GSTR #10840
GOUT #30860
GSTR #10870
GOUT #30890
GSTR #10890
GOUT #30910
GSTR #10900
GOUT #30920
GSTR #10910
GOUT #30930
GSTR #10920
GOUT #30940
GSTR #11010
GOUT #31030
GSTR #11020
GOUT #31040
GSTR #11050
GOUT #31070
GSTR #11060
GOUT #31080
GSTR #11070
GOUT #31090
GSTR #11080
GOUT #31100
GSTR #11090
GOUT #31110
GSTR #11100
GOUT #31120
GSTR #11110
GOUT #31130
GSTR #11120
GOUT #31140
GSTR #11130
GOUT #31150
GSTR #11140
GOUT #31160
GSTR #11150
GOUT #31170
GSTR #11160
GOUT #31180
STR #70017
MOV M244,W#31190
GSTR #11190
GOUT #31210
GSTR #11200
GOUT #31220
GSTR #11210
GOUT #31230
GSTR #11220
GOUT #31240
GSTR #11230
GOUT #31250
GSTR #11240
GOUT #31260
GSTR #11270
GOUT #31290
GSTR #11290
GOUT #31310
GSTR #11300
GOUT #31320
GSTR #11310
GOUT #31330
GSTR #11320
GOUT #31340
GSTR #11410
GOUT #31430
GSTR #11420
GOUT #31440
GSTR #11450
GOUT #31470
GSTR #11460
GOUT #31480
GSTR #11470
GOUT #31490
GSTR #11480
GOUT #31500
GSTR #11490
GOUT #31510
GSTR #11500
GOUT #31520
GSTR #11510
GOUT #31530
GSTR #11520
GOUT #31540
GSTR #11530
GOUT #31550
GSTR #11540
GOUT #31560
GSTR #11550
GOUT #31570
GSTR #11560
GOUT #31580
STR #70017
MOV M254,W#31590
GSTR #11590
GOUT #31610
GSTR #11600
GOUT #31620
GSTR #11610
GOUT #31630
GSTR #11620
GOUT #31640
GSTR #11630
GOUT #31650
GSTR #11640
GOUT #31660
GSTR #11650
GOUT #31670
GSTR #11660
GOUT #31680
GSTR #11670
GOUT #31690
GSTR #11680
GOUT #31700
GSTR #11690
GOUT #31710
GSTR #11700
GOUT #31720
GSTR #11710
GOUT #31730
GSTR #11720
GOUT #31740
GSTR #11730
GOUT #31750
GSTR #11740
GOUT #31760
GSTR #11750
GOUT #31770
GSTR #11760
GOUT #31780
GSTR #11770
GOUT #31790
GSTR #11780
GOUT #31800
GSTR #11790
GOUT #31810
GSTR #11800
GOUT #31820
GSTR #11810
GOUT #31830
GSTR #11820
GOUT #31840
GSTR #11830
GOUT #31850
GSTR #11840
GOUT #31860
GSTR #11850
GOUT #31870
GSTR #11860
GOUT #31880
GSTR #11870
GOUT #31890
STR #77004
OUT #77004
GSTR #21910
GOUT #01880
STR #77014
OUT #77014
GSTR #11880
GOUT #31910
STR #77005
OUT #77005
STR #70017
BMOV #21920,16,#75610
STR #27410
AND #87202
OR #75640
OR #75010
OUT #75770
STR #27411
AND #87202
OR #75641
OR #75011
OUT #75771
STR #27412
AND #87202
OR #75642
OR #75012
OUT #75772
STR #27413
AND #87202
OR #75643
OR #75013
OUT #75773
STR #22084
OUT #75774
STR #22085
OUT #75775
STR #22086
OUT #75776
STR #22087
OUT #75777
STR #70017
BMOV #22090,7,#75780
STR #75615
OR #70195
OR #70197
OR #70026
OUT #40527
STR #75620
OUT #40060
STR #75623
OUT #40061
STR #75624
OUT #40052
STR #75625
OUT #40051
STR #75627
OUT #40560
STR #27450
AND #87202
OR #75650
OUT #40140
STR #27451
AND #87202
OR #75651
OUT #40141
STR #27452
AND #87202
OR #75652
OUT #40142
STR #27453
AND #87202
OR #75653
OUT #40143
STR #75654
OUT #40144
STR #75655
OUT #40145
STR #75656
OUT #40146
STR #75657
OUT #40147
GSTR #75660
GOUT #40090
STR #75670
OUT #40065
STR #75671
OUT #40066
STR #75672
OUT #40054
STR #77015
OUT #77015
STR #70017
BMOV #76610,24,#31920
STR #50070
OUT #76610
STR #50073
OUT #76611
STR #50020
OUT #76612
STR #70020
OR #50014
OUT #76613
STR #50060
OUT #76614
STR #70025
OUT #76615
STR #50054
OUT #76616
STR #50053
OUT #76617
STR #50015
OR #50016
OUT #76620
STR #75616
OUT #76621
STR #50071
OUT #76622
STR-NOT #80060
OR-NOT #80065
OUT #76623
STR #50052
OUT #76624
STR #50051
OUT #76625
STR #50725
OUT #76626
STR #50727
OUT #76627
STR #50010
OUT #76630
STR #50011
OUT #76631
STR #50012
OUT #76632
STR #50013
OUT #76633
STR #80023
OUT #76634
STR #80025
OUT #76635
STR #80026
OUT #76636
STR-NOT #40067
OUT #76637
STR-NOT #50560
AND-NOT #50510
AND #50320
OUT #76640
STR-NOT #50561
AND-NOT #50511
AND #50321
OUT #76641
STR-NOT #50562
AND-NOT #50512
AND #50322
OUT #76642
STR-NOT #50563
AND-NOT #50513
AND #50323
OUT #76643
STR-NOT #50564
AND-NOT #50514
AND #50324
OUT #76644
STR-NOT #50565
AND-NOT #50515
AND #50325
OUT #76645
STR-NOT #50566
AND-NOT #50516
AND #50326
OUT #76646
STR-NOT #50567
AND-NOT #50517
AND #50327
OUT #76647
GSTR #50080
GOUT #76650
GSTR #50090
GOUT #76660
GSTR #50100
GOUT #76670
STR #70067
OR #70041
OR #70044
OR #70080
OR #70166
OR #79401
STR #50011
OR #50012
AND #76680
OR-STR
OUT #76680
STR #70267
OR #70241
OR #70244
OR #70280
OR #70366
OR #79501
STR #50011
OR #50012
AND #76681
OR-STR
OUT #76681
STR #70467
OR #70441
OR #70444
OR #70480
OR #70566
OR #79601
STR #50011
OR #50012
AND #76682
OR-STR
OUT #76682
STR #70667
OR #70641
OR #70644
OR #70680
OR #70766
OR #79701
STR #50011
OR #50012
AND #76683
OR-STR
OUT #76683
STR #50114
OUT #76684
STR #50115
OUT #76685
STR #50116
OUT #76686
STR #50117
OUT #76687
STR #80170
OR #80230
OUT #76690
STR #80171
OR #80231
OUT #76691
STR #80172
OR #80232
OUT #76692
STR #80173
OR #80233
OUT #76693
STR #80174
OR #80234
OUT #76694
STR #80175
OR #80235
OUT #76995
STR #80176
OR #80236
OUT #76696
STR #80177
OR #80237
OUT #76697
GSTR #50320
GOUT #76700
GSTR #50330
GOUT #76710
GSTR #50440
GOUT #76720
GSTR #50450
GOUT #76730
GSTR #50400
GOUT #76740
STR #70040
OUT #76750
STR #70240
OUT #76751
STR #70440
OUT #76752
STR #70640
OUT #76753
STR #20100
OR #20101
OR #20102
OUT #76754
STR #20500
OR #20501
OR #20502
OUT #76755
STR #20900
OR #20901
OR #20902
OUT #76756
STR #21300
OR #21301
OR #21302
OUT #76757
STR #70067
OR #70041
OR #70044
OR #70080
OUT #76760
STR #70267
OR #70241
OR #70244
OR #70280
OUT #76761
STR #70467
OR #70441
OR #70444
OR #70480
OUT #76762
STR #70667
OR #70641
OR #70644
OR #70680
OUT #76763
STR #75020
OUT #76764
STR #75040
OUT #76765
STR #75060
OUT #76766
STR #75080
OUT #76767
STR #70017
MOV M640,W#76770
STR #77006
OUT #77006
STR #70017
BMOV #22160,289,#01890
STR #77016
OUT #77016
STR #70017
MOV #80080,#05050
STR #70017
MOV #80090,#05060
STR #70017
MOV #80100,#05070
STR #70017
MOV #80110,#05080
STR #70017
BMOV #11890,29,#32160
STR #70017
BMOV #12190,259,#32460
STR #52454
OUT #32450
STR #52454
OUT #32451
STR #52454
OUT #32452
STR #52454
OUT #32453
STR #52454
OUT #32454
STR #52454
OUT #32455
STR #52454
OUT #32456
STR #52454
OUT #32457
STR #77020
OUT #77020
STR #78810
MOV 0,M498
STR #78811
MOV 1,M498
STR #78812
MOV 2,M498
STR #78813
MOV 3,M498
STR #78814
MOV 4,M498
STR #78815
MOV 5,M498
STR #78816
MOV 6,M498
STR #78817
MOV 7,M498
STR #78820
MOV 8,M498
STR #78821
MOV 9,M498
STR #78822
MOV 10,M498
STR #78823
MOV 11,M498
STR #78824
MOV 12,M498
STR #78825
MOV 13,M498
STR #78826
MOV 14,M498
STR #78827
MOV 15,M498
STR #78830
MOV 16,M498
STR #78831
MOV 17,M498
STR #78832
MOV 18,M498
STR #78833
MOV 19,M498
STR #78834
MOV 20,M498
STR #78835
MOV 21,M498
STR #78836
MOV 22,M498
STR #78837
MOV 23,M498
STR #78840
MOV 24,M498
STR #78841
MOV 25,M498
STR #78842
MOV 26,M498
STR #78843
MOV 27,M498
STR #78844
MOV 28,M498
STR #78845
MOV 29,M498
STR #78846
MOV 30,M498
STR #78847
MOV 31,M498
STR #78810
OR #78811
OR #78812
OR #78813
OR #78814
OR #78815
OR #78816
OR #78817
OUT #78801
STR #78820
OR #78821
OR #78822
OR #78823
OR #78824
OR #78825
OR #78826
OR #78827
OUT #78802
STR #78830
OR #78831
OR #78832
OR #78833
OR #78834
OR #78835
OR #78836
OR #78837
OUT #78803
STR #78840
OR #78841
OR #78842
OR #78843
OR #78844
OR #78845
OR #78846
OR #78847
OUT #78804
STR #78801
OR #78802
OR #78803
OR #78804
MOV M498,#40220
STR #78801
OR #78802
OR #78803
OR #78804
AND-NOT #50013
AND-NOT #78100
OUT #40012
STR #77021
OUT #77021
STR #78910
MOV 0,M499
STR #78911
MOV 1,M499
STR #78912
MOV 2,M499
STR #78913
MOV 3,M499
STR #78914
MOV 4,M499
STR #78915
MOV 5,M499
STR #78916
MOV 6,M499
STR #78917
MOV 7,M499
STR #78920
MOV 8,M499
STR #78921
MOV 9,M499
STR #78922
MOV 10,M499
STR #78923
MOV 11,M499
STR #78924
MOV 12,M499
STR #78925
MOV 13,M499
STR #78926
MOV 14,M499
STR #78927
MOV 15,M499
STR #78930
MOV 16,M499
STR #78931
MOV 17,M499
STR #78932
MOV 18,M499
STR #78933
MOV 19,M499
STR #78934
MOV 20,M499
STR #78935
MOV 21,M499
STR #78936
MOV 22,M499
STR #78937
MOV 23,M499
STR #78940
MOV 24,M499
STR #78941
MOV 25,M499
STR #78942
MOV 26,M499
STR #78943
MOV 27,M499
STR #78944
MOV 28,M499
STR #78945
MOV 29,M499
STR #78946
MOV 30,M499
STR #78947
MOV 31,M499
STR #78910
OR #78911
OR #78912
OR #78913
OR #78914
OR #78915
OR #78916
OR #78917
OUT #78901
STR #78920
OR #78921
OR #78922
OR #78923
OR #78924
OR #78925
OR #78926
OR #78927
OUT #78902
STR #78930
OR #78931
OR #78932
OR #78933
OR #78934
OR #78935
OR #78936
OR #78937
OUT #78903
STR #78940
OR #78941
OR #78942
OR #78943
OR #78944
OR #78945
OR #78946
OR #78947
OUT #78904
STR #78901
OR #78902
OR #78903
OR #78904
MOV M499,#40240
STR #78901
OR #78902
OR #78903
OR #78904
AND-NOT #78100
OUT #40013
STR #75007
OR #75617
AND #50073
AND-NOT #80017
AND-NOT #80037
TMR M238,10
AND-NOT #70066
AND-NOT #70266
AND-NOT #70466
AND-NOT #70666
OUT #78810
STR #75007
OR #75617
AND #50053
OUT #78910
STR #77022
OUT #77022
GSTR #15030
GOUT #05030
GSTR #15040
GOUT #05040
STR #70166
OR #70366
OR #70566
OR #70766
AND #70020
OR #78702
AND-NOT #78703
OUT #78702
STR #78702
AND-NOT #70020
OR #78703
AND-NOT #78704
OUT #78703
STR #78703
TMR M239,15
OR #78704
AND-NOT #78705
OUT #78704
STR #78704
TMR M241,15
OUT #78705
STR #78702
OUT #05007
STR #15120
OR #15121
OR #15122
OR #15123
OR #15124
OR #15125
OR #15126
OR #15127
OUT #78710
STR #60500
OR #60501
OR #60502
OR #60503
OR #60504
OR #60505
OR #60506
OR #60507
OUT #78711
STR #70060
OR #70061
OR #70066
OR #70142
STR #50500
AND-NOT #87176
AND-NOT #87205
OR-STR
OR #51530
OR #76014
OUT #78712
STR #78710
OR #78711
AND-NOT #87090
OUT #78911
STR #78710
OR #78711
OR #78712
AND #50070
AND-NOT #87090
OUT #78811
STR #15110
OR #15111
OR #15112
OR #15113
OR #15114
OR #15115
OR #15116
OR #15117
OUT #78720
STR #60520
OR #60521
OR #60522
OR #60523
OR #60524
OR #60525
OR #60526
OR #60527
OUT #78721
STR #70260
OR #70261
OR #70266
OR #70342
STR #50501
AND-NOT #87186
AND-NOT #87205
OR-STR
OR #51590
OR #76015
OUT #78722
STR #78720
OR #78721
AND-NOT #87101
OUT #78921
STR #78720
OR #78721
OR #78722
AND #50070
AND-NOT #87101
OUT #78821
STR #15100
OR #15101
OR #15102
OR #15103
OR #15104
OR #15105
OR #15106
OR #15107
OUT #78730
STR #60540
OR #60541
OR #60542
OR #60543
OR #60544
OR #60545
OR #60546
OR #60547
OUT #78731
STR #70460
OR #70461
OR #70466
OR #70542
STR #50502
AND-NOT #87196
AND-NOT #87205
OR-STR
OR #51650
OR #76016
OUT #78732
STR #78730
OR #78731
AND-NOT #87112
OUT #78931
STR #78730
OR #78731
OR #78732
AND #50070
AND-NOT #87112
OUT #78831
STR #15090
OR #15091
OR #15092
OR #15093
OR #15094
OR #15095
OR #15096
OR #15097
OUT #78740
STR #60560
OR #60561
OR #60562
OR #60563
OR #60564
OR #60565
OR #60566
OR #60567
OUT #78741
STR #70660
OR #70661
OR #70666
OR #70742
STR #50503
AND-NOT #87206
AND-NOT #87205
OR-STR
OR #51710
OR #76017
OUT #78742
STR #78740
OR #78741
AND-NOT #87123
OUT #78941
STR #78740
OR #78741
OR #78742
AND #50070
AND-NOT #87123
OUT #78841
STR #70166
AND-NOT #78912
AND #87090
OUT #78913
STR #70366
AND-NOT #78922
AND #87101
OUT #78923
STR #70566
AND-NOT #78932
AND #87112
OUT #78933
STR #70766
AND-NOT #78942
AND #87123
OUT #78943
STR #70066
MOV W#20150,M180
STR #70066
MOV W#20170,M181
STR #70066
OR #70060
OR #70061
MOV W#20190,M182
STR #70017
MOV W#20210,M185
STR #70017
MOV W#20230,M184
STR #70017
MOV W#20250,M220
STR #20230
OR #20231
OR #20232
OR #20233
OR #20234
OR #20235
OR #20236
OR #20237
OUT #78750
STR #20240
OR #20241
OR #20242
OR #20243
OR #20244
OR #20245
OR #20246
OR #20247
OUT #78751
STR #78750
OR #78751
OUT #78752
STR #70066
OR #70060
OR #70061
MOV W#20270,M186
STR #70066
OR #70060
OR #70061
MOV W#20290,M187
STR #70066
OR #70060
OR #70061
MOV W#20310,M188
STR #70017
MOV M183,W#30150
STR #70066
MOV M189,W#30250
STR #70017
MOV M560,W#30170
STR #70017
MOV M561,W#30190
STR #70017
MOV M562,W#30210
STR #77031
OUT #77031
STR #76020
OUT #30070
STR #80025
AND #80026
AND #80027
AND-NOT #50071
OUT #30071
STR #10052
AND #50070
OUT #30072
STR #10053
AND #50070
OUT #30073
STR #10054
AND #50070
OUT #30074
STR #10055
AND #50070
OUT #30075
STR #10056
AND #50070
OUT #30076
STR #10057
OUT #30077
STR #10060
OR #70142
OUT #30080
STR #10061
OR #70060
OUT #30081
STR #10062
OR #70061
OUT #30082
STR #10063
STR #70166
AND #78703
OR-STR
OR #60504
OR #75613
OR #40014
OUT #30083
STR #10064
STR-NOT #87205
AND #50500
AND-NOT #10085
AND #50070
OR-STR
AND #50073
OUT #30084
STR #10065
OR #15122
OR #60503
OUT #30085
STR #10066
OUT #30086
STR #10067
OUT #30087
STR #10080
OUT #30100
STR #10081
OR #60505
AND-NOT #50070
OUT #30101
STR #10082
OUT #30102
STR #10083
OUT #30103
STR #10084
OUT #30104
STR #10085
OUT #30105
STR #10086
OUT #30106
STR #10087
OUT #30107
STR #75030
AND-NOT #78912
OR-NOT #87090
OUT #76010
STR-NOT #87205
STR #20077
AND-NOT #87206
STR #20136
AND #87206
OR-STR
AND-STR
AND #30084
STR #87205
AND #50500
OR-STR
AND-NOT #10085
STR #10085
STR #20077
AND-NOT #87206
STR #20136
AND #87206
OR-STR
AND-STR
OR-STR
AND #50070
AND #87090
OUT #76014
STR #77041
OUT #77041
STR-NOT #75021
OR #78752
AND #30071
AND-NOT #78702
AND #87090
OUT #70166
STR #75024
AND #87090
OUT #70183
STR #75023
AND-NOT #70066
AND #87090
OUT #70187
STR #78912
AND #78712
AND #87090
OUT #78812
STR #75020
TMR M113,15
STR-NOT #75020
TMR M114,15
OR-STR
AND #87090
OUT #78912
STR #70266
MOV W#20550,M190
STR #70266
MOV W#20570,M191
STR #70266
OR #70260
OR #70261
MOV W#20590,M192
STR #70017
MOV W#20610,M195
STR #70017
MOV W#20630,M194
STR #70017
MOV W#20650,M230
STR #20630
OR #20631
OR #20632
OR #20633
OR #20634
OR #20635
OR #20636
OR #20637
OUT #78753
STR #20640
OR #20641
OR #20642
OR #20643
OR #20644
OR #20645
OR #20646
OR #20647
OUT #78754
STR #78753
OR #78754
OUT #78755
STR #70266
OR #70260
OR #70261
MOV W#20670,M196
STR #70266
OR #70260
OR #70261
MOV W#20690,M197
STR #70266
OR #70260
OR #70261
MOV W#20710,M198
STR #70017
MOV M193,W#30550
STR #70266
MOV M199,W#30650
STR #70017
MOV M563,W#30570
STR #70017
MOV M564,W#30590
STR #70017
MOV M565,W#30610
STR #77032
OUT #77032
STR #76040
OUT #30470
STR #80025
AND #80026
AND #80027
AND-NOT #50071
OUT #30471
STR #10452
AND #50070
OUT #30472
STR #10453
AND #50070
OUT #30473
STR #10454
AND #50070
OUT #30474
STR #10455
AND #50070
OUT #30475
STR #10456
AND #50070
OUT #30476
STR #10457
OUT #30477
STR #10460
OR #70342
OUT #30480
STR #10461
OR #70260
OUT #30481
STR #10462
OR #70261
OUT #30482
STR #10463
STR #70366
AND #78703
OR-STR
OR #60524
OR #75613
OR #40014
OUT #30483
STR #10464
STR-NOT #87205
AND #50501
AND-NOT #10485
AND #50070
OR-STR
AND #50073
OUT #30484
STR #10465
OR #15112
OR #60523
OUT #30485
STR #10466
OUT #30486
STR #10467
OUT #30487
STR #10480
OUT #30500
STR #10481
OR #60525
AND-NOT #50070
OUT #30501
STR #10482
OUT #30502
STR #10483
OUT #30503
STR #10484
OUT #30504
STR #10485
OUT #30505
STR #10486
OUT #30506
STR #10487
OUT #30507
STR #75050
AND-NOT #78922
OR-NOT #87101
OUT #76011
STR-NOT #87205
STR #20477
AND-NOT #87206
STR #20536
AND #87206
OR-STR
AND-STR
AND #30484
STR #87205
AND #50501
OR-STR
AND-NOT #10485
STR #10485
STR #20477
AND-NOT #87206
STR #20536
AND #87206
OR-STR
AND-STR
OR-STR
AND #50070
AND #87101
OUT #76015
STR #77042
OUT #77042
STR-NOT #75041
OR #78755
AND #30471
AND-NOT #78702
AND #87101
OUT #70366
STR #75044
AND #87101
OUT #70383
STR #75043
AND-NOT #70266
AND #87101
OUT #70387
STR #78922
AND #78722
AND #87101
OUT #78822
STR #75040
TMR M115,15
STR-NOT #75040
TMR M116,15
OR-STR
AND #87101
OUT #78922
STR #70466
MOV W#20950,M200
STR #70466
MOV W#20970,M201
STR #70466
OR #70460
OR #70461
MOV W#20990,M202
STR #70017
MOV W#21010,M205
STR #70017
MOV W#21030,M204
STR #70017
MOV W#21050,M240
STR #21030
OR #21031
OR #21032
OR #21033
OR #21034
OR #21035
OR #21036
OR #21037
OUT #78756
STR #21040
OR #21041
OR #21042
OR #21043
OR #21044
OR #21045
OR #21046
OR #21047
OUT #78757
STR #78756
OR #78757
OUT #78760
STR #70466
OR #70460
OR #70461
MOV W#21070,M206
STR #70466
OR #70460
OR #70461
MOV W#21090,M207
STR #70466
OR #70460
OR #70461
MOV W#21110,M208
STR #70017
MOV M203,W#30950
STR #70466
MOV M209,W#31050
STR #70017
MOV M566,W#30970
STR #70017
MOV M567,W#30990
STR #70017
MOV M568,W#31010
STR #77033
OUT #77033
STR #76060
OUT #30870
STR #80025
AND #80026
AND #80027
AND-NOT #50071
OUT #30871
STR #10852
AND #50070
OUT #30872
STR #10853
AND #50070
OUT #30873
STR #10854
AND #50070
OUT #30874
STR #10855
AND #50070
OUT #30875
STR #10856
AND #50070
OUT #30876
STR #10857
OUT #30877
STR #10860
OR #70542
OUT #30880
STR #10861
OR #70460
OUT #30881
STR #10862
OR #70461
OUT #30882
STR #10863
STR #70566
AND #78703
OR-STR
OR #60544
OR #75613
OR #40014
OUT #30883
STR #10864
STR-NOT #87205
AND #50502
AND-NOT #10885
AND #50070
OR-STR
AND #50073
OUT #30884
STR #10865
OR #15102
OR #60543
OUT #30885
STR #10866
OUT #30886
STR #10867
OUT #30887
STR #10880
OUT #30900
STR #10881
OR #60545
AND-NOT #50070
OUT #30901
STR #10882
OUT #30902
STR #10883
OUT #30903
STR #10884
OUT #30904
STR #10885
OUT #30905
STR #10886
OUT #30906
STR #10887
OUT #30907
STR #75070
AND-NOT #78932
OR-NOT #87112
OUT #76012
STR-NOT #87205
STR #20877
AND-NOT #87206
STR #20936
AND #87206
OR-STR
AND-STR
AND #30884
STR #87205
AND #50502
OR-STR
AND-NOT #10885
STR #10885
STR #20877
AND-NOT #87206
STR #20936
AND #87206
OR-STR
AND-STR
OR-STR
AND #50070
AND #87112
OUT #76016
STR #77043
OUT #77043
STR-NOT #75061
OR #78760
AND #30871
AND-NOT #78702
AND #87112
OUT #70566
STR #75064
AND #87112
OUT #70583
STR #75063
AND-NOT #70466
AND #87112
OUT #70587
STR #78932
AND #78732
AND #87112
OUT #78832
STR #75060
TMR M117,15
STR-NOT #75060
TMR M118,15
OR-STR
AND #87112
OUT #78932
STR #70666
MOV W#21350,M210
STR #70666
MOV W#21370,M211
STR #70666
OR #70660
OR #70661
MOV W#21390,M212
STR #70017
MOV W#21410,M215
STR #70017
MOV W#21430,M214
STR #70017
MOV W#21450,M250
STR #21430
OR #21431
OR #21432
OR #21433
OR #21434
OR #21435
OR #21436
OR #21437
OUT #78761
STR #21440
OR #21441
OR #21442
OR #21443
OR #21444
OR #21445
OR #21446
OR #21447
OUT #78762
STR #78761
OR #78762
OUT #78763
STR #70666
OR #70660
OR #70661
MOV W#21470,M216
STR #70666
OR #70660
OR #70661
MOV W#21490,M217
STR #70666
OR #70660
OR #70661
MOV W#21510,M218
STR #70017
MOV M213,W#31350
STR #70666
MOV M219,W#31450
STR #70017
MOV M569,W#31370
STR #70017
MOV M570,W#31390
STR #70017
MOV M571,W#31410
STR #77034
OUT #77034
STR #76080
OUT #31270
STR #80025
AND #80026
AND #80027
AND-NOT #50071
OUT #31271
STR #11252
AND #50070
OUT #31272
STR #11253
AND #50070
OUT #31273
STR #11254
AND #50070
OUT #31274
STR #11255
AND #50070
OUT #31275
STR #11256
AND #50070
OUT #31276
STR #11257
AND #50070
OUT #31277
STR #11260
OR #70742
OUT #31280
STR #11261
OR #70660
OUT #31281
STR #11262
OR #70661
OUT #31282
STR #11263
STR #70766
AND #78703
OR-STR
OR #60564
OR #75613
OR #40014
OUT #31283
STR #11264
STR-NOT #87205
AND #50503
AND-NOT #11285
AND #50070
OR-STR
AND #50073
OUT #31284
STR #11265
OR #15092
OR #60563
OUT #31285
STR #11266
OUT #31286
STR #11267
OUT #31287
STR #11280
OUT #31300
STR #11281
OR #60565
AND-NOT #50070
OUT #31301
STR #11282
OUT #31302
STR #11283
OUT #31303
STR #11284
OUT #31304
STR #11285
OUT #31305
STR #11286
OUT #31306
STR #11287
OUT #31307
STR #75090
AND-NOT #78942
OR-NOT #87123
OUT #76013
STR-NOT #87205
STR #21277
AND-NOT #87206
STR #21336
AND #87206
OR-STR
AND-STR
AND #31284
STR #87205
AND #50503
OR-STR
AND-NOT #11285
STR #11285
STR #21277
AND-NOT #87206
STR #21336
AND #87206
OR-STR
AND-STR
OR-STR
AND #50070
AND #87123
OUT #76017
STR #77044
OUT #77044
STR-NOT #75081
OR #78763
AND #31271
AND-NOT #78702
AND #87123
OUT #70766
STR #75084
AND #87123
OUT #70783
STR #75083
AND-NOT #70666
AND #87123
OUT #70787
STR #78942
AND #78742
AND #87123
OUT #78842
STR #75080
TMR M119,15
STR-NOT #75080
TMR M120,15
OR-STR
AND #87123
OUT #78942
STR #78125
OUT #05023
STR #87204
OUT #78126
STR-NOT #50440
AND-NOT #50441
AND-NOT #50442
AND-NOT #50443
TMR M300,30
AND #78126
OUT #78106
STR #50440
OR #50441
OR #50442
OR #50443
STR #78105
AND #50070
AND #50073
AND-NOT #78106
OR-STR
AND #78126
OUT #78105
STR #70214
OR #70215
OR #70414
OR #70614
AND #78100
OUT #78115
STR #70040
OR #70240
OR #70440
OR #70640
OR #78115
AND #78126
AND #78105
OUT #78100
STR #70067
OR #70041
STR #78101
AND #50070
AND-NOT #70040
OR-STR
AND #78126
OUT #78101
STR #70267
OR #70241
STR #78102
AND #50070
AND-NOT #70240
OR-STR
AND #78126
OUT #78102
STR #70467
OR #70441
STR #78103
AND #50070
AND-NOT #70440
OR-STR
AND #78126
OUT #78103
STR #70667
OR #70641
STR #78104
AND #50070
AND-NOT #70640
OR-STR
AND #78126
OUT #78104
STR #40010
OR #40011
OR #40012
OR #40013
OUT #78107
STR #78102
OR #78103
OR #78104
OUT #78110
STR #78101
OR #78103
OR #78104
OUT #78111
STR #78101
OR #78102
OR #78104
OUT #78112
STR #78101
OR #78102
OR #78103
OUT #78113
STR #51531
STR #78121
AND-NOT #51530
AND-NOT #70066
OR-STR
STR-NOT #78130
AND-NOT #78121
AND-NOT #70017
OR-STR
OUT #78121
STR #70066
STR-NOT #70017
CNT M301,1
OUT #78130
STR #51591
STR #78122
AND-NOT #51590
AND-NOT #70266
OR-STR
STR-NOT #78131
AND-NOT #78122
AND-NOT #70017
OR-STR
OUT #78122
STR #70266
STR-NOT #70017
CNT M302,1
OUT #78131
STR #51651
STR #78123
AND-NOT #51650
AND-NOT #70466
OR-STR
STR-NOT #78132
AND-NOT #78123
AND-NOT #70017
OR-STR
OUT #78123
STR #70466
STR-NOT #70017
CNT M303,1
OUT #78132
STR #51711
STR #78124
AND-NOT #51710
AND-NOT #70666
OR-STR
STR-NOT #78133
AND-NOT #78124
AND-NOT #70017
OR-STR
OUT #78124
STR #70666
STR-NOT #70017
CNT M304,1
OUT #78133
STR #78121
AND #78122
AND-NOT #87112
AND-NOT #87123
STR #78123
AND #78122
AND #78121
AND-NOT #87123
OR-STR
STR #78124
AND #78123
AND #78122
AND #78121
OR-STR
AND #78126
OUT #78114
STR #78101
OR #78102
OR #78103
OR #78104
OR #78115
STR #78125
AND-NOT #78107
AND-NOT #78114
OR-STR
AND #78126
OUT #78125
STR #78101
AND #78126
AND #15020
OUT #78140
STR #78102
AND #78126
AND #15021
OUT #78141
STR #78103
AND #78126
AND #15022
OUT #78142
STR #78104
AND #78126
AND #15023
OUT #78143
STR #70066
AND #15024
TMR M298,10
OUT #78144
STR #70266
AND #15025
TMR M297,10
OUT #78145
STR #70466
AND #15026
TMR M296,10
OUT #78146
STR #70666
AND #15027
TMR M295,10
OUT #78147
STR #70017
DIV M181,10,M061
STR #70017
DIV M180,100,M060
STR #70017
DIV M182,100,M062
STR #70017
DIV M191,10,M071
STR #70017
DIV M190,100,M070
STR #70017
DIV M192,100,M072
STR #70017
DIV M201,10,M081
STR #70017
DIV M200,100,M080
STR #70017
DIV M202,100,M082
STR #70017
DIV M211,10,M091
STR #70017
DIV M210,100,M090
STR #70017
DIV M212,100,M092
STR #87202
AND-NOT #27400
OR-NOT #87202
AND #70143
OUT #76020
STR #70144
AND-NOT #75037
AND-NOT #87203
OUT #76024
STR #70142
OR #10072
OUT #76022
STR #70143
OUT #41171
STR #87202
AND-NOT #27401
OR-NOT #87202
AND #70343
OUT #76040
STR #87202
AND-NOT #27402
OR-NOT #87202
AND #70543
OUT #76060
STR #87202
AND-NOT #27403
OR-NOT #87202
AND #70743
OUT #76080
STR-NOT #79401
AND-NOT #79501
AND-NOT #79601
AND-NOT #79701
OUT #79397
STR #79401
AND-NOT #27420
OR #27430
STR #79402
OR #79403
OR #79404
OR #79405
AND-NOT #79401
OR-STR
AND #87202
OUT #79401
STR #70043
OUT #79402
STR #70041
OR #70154
OUT #79403
STR #70067
OUT #79404
STR #70042
OUT #79405
STR #51530
AND #87202
STR #79410
AND-NOT #51531
OR-STR
AND #50070
OUT #79410
STR #79501
AND-NOT #27421
OR #27431
STR #79502
OR #79503
OR #79504
OR #79505
AND-NOT #79501
OR-STR
AND #87202
OUT #79501
STR #70243
OUT #79502
STR #70241
OR #70354
OUT #79503
STR #70267
OUT #79504
STR #70242
OUT #79505
STR #51590
AND #87202
STR #79510
AND-NOT #51591
OR-STR
AND #50070
OUT #79510
STR #79601
AND-NOT #27422
OR #27432
STR #79602
OR #79603
OR #79604
OR #79605
AND-NOT #79601
OR-STR
AND #87202
OUT #79601
STR #70443
OUT #79602
STR #70441
OR #70554
OUT #79603
STR #70467
OUT #79604
STR #70442
OUT #79605
STR #51650
AND #87202
STR #79610
AND-NOT #51651
OR-STR
AND #50070
OUT #79610
STR #79701
AND-NOT #27423
OR #27433
STR #79702
OR #79703
OR #79704
OR #79705
AND-NOT #79701
OR-STR
AND #87202
OUT #79701
STR #70643
OUT #79702
STR #70641
OR #70754
OUT #79703
STR #70667
OUT #79704
STR #70642
OUT #79705
STR #51710
AND #87202
STR #79710
AND-NOT #51711
OR-STR
AND #50070
OUT #79710
STR #75620
AND-NOT #50070
OUT #40040
STR #70017
MOV 109,M434
STR-NOT #78301
TMR M010,590
OUT #78300
STR #78300
TMR M011,10
OUT #78301
STR #78300
AND #78334
STR #78324
AND #78302
CNT M012,M013
AND-NOT #78332
AND-NOT #78333
STR #78302
STR #78360
AND-NOT #78361
AND-NOT #78362
AND-NOT #78363
AND-NOT #78364
AND #78334
OR-STR
AND-NOT #78324
OR-STR
AND-NOT #78333
OUT #78302
STR #78300
AND #78334
STR #78331
AND #78303
CNT M014,M015
AND-NOT #78332
AND-NOT #78333
STR #78303
STR-NOT #78360
AND #78361
AND-NOT #78362
AND-NOT #78363
AND-NOT #78364
AND #78334
OR-STR
AND-NOT #78331
OR-STR
AND-NOT #78332
OUT #78303
STR #78302
OR #78304
OR #78306
OR #78310
OR #78312
OR #78314
OR #78316
OR #78320
AND-NOT #78323
AND-NOT #78324
OUT #78322
STR #78322
TMR M044,20
OR #78323
AND-NOT #78324
OUT #78323
STR #78323
TMR M045,200
OUT #78324
STR #78303
OR #78305
OR #78307
OR #78311
OR #78313
OR #78315
OR #78317
OR #78321
AND-NOT #78326
AND-NOT #78327
AND-NOT #78330
AND-NOT #78331
OUT #78325
STR #78325
TMR M046,50
OR #78326
AND-NOT #78327
OUT #78326
STR #78326
TMR M047,150
OR #78327
AND-NOT #78330
OUT #78327
STR #78327
TMR M048,50
OR #78330
AND-NOT #78331
OUT #78330
STR #78330
TMR M049,200
OUT #78331
STR #78302
OR #78304
OR #78306
OR #78310
OR #78312
OR #78314
OR #78316
OR #78320
AND-NOT #78333
AND-NOT #78357
AND-NOT #78371
OUT #78332
STR #78303
OR #78305
OR #78307
OR #78311
OR #78313
OR #78315
OR #78317
OR #78321
AND-NOT #78332
AND-NOT #78357
AND-NOT #78371
OUT #78333
STR #50320
AND #50440
AND #50070
STR #78334
STR-NOT #78335
OR-NOT #78336
AND-STR
OR-STR
OUT #78334
STR #78334
TMR M050,6000
OUT #78335
STR-NOT #50320
OR-NOT #50440
OR-NOT #50070
AND #78334
TMR M051,6000
OUT #78336
STR #50321
AND #50441
AND #50070
STR #78337
STR-NOT #78340
OR-NOT #78341
AND-STR
OR-STR
OUT #78337
STR #78337
TMR M052,6000
OUT #78340
STR-NOT #50321
OR-NOT #50441
OR-NOT #50070
AND #78337
TMR M053,6000
OUT #78341
STR #50322
AND #50442
AND #50070
STR #78342
STR-NOT #78343
OR-NOT #78344
AND-STR
OR-STR
OUT #78342
STR #78342
TMR M054,6000
OUT #78343
STR-NOT #50322
OR-NOT #50442
OR-NOT #50070
AND #78342
TMR M055,6000
OUT #78344
STR #50330
AND #50450
AND #50070
STR #78345
STR-NOT #78346
OR-NOT #78347
AND-STR
OR-STR
OUT #78345
STR #78345
TMR M056,6000
OUT #78346
STR-NOT #50330
OR-NOT #50450
OR-NOT #50070
AND #78345
TMR M057,6000
OUT #78347
STR-NOT #50073
AND #78351
PLS #78350
STR #78834
OR #78835
OR #78836
OR #78837
OR #78844
OR #78845
OR #78846
OR #78847
OUT #78370
STR #78370
AND #50013
OR #78351
AND-NOT #78350
OUT #78351
STR-NOT #20040
AND-NOT #78332
AND-NOT #78333
AND #50070
AND-NOT #70066
AND-NOT #70266
AND-NOT #70466
AND-NOT #70666
AND-NOT #78351
TMR M500,3
OUT #78834
STR-NOT #20040
AND-NOT #78332
AND-NOT #78333
TMR M501,3
OUT #78934
STR #10020
AND-NOT #78332
AND-NOT #78333
AND-NOT #78357
OR #78371
AND-NOT #78374
OUT #78371
STR #78371
AND-NOT #78373
AND-NOT #78374
OUT #78372
STR #78372
TMR M007,140
OR #78373
AND-NOT #78374
OUT #78373
STR #78373
TMR M008,200
AND-NOT #10020
OUT #78374
STR #70017
MOV M516,#78360
STR #78170
AND-NOT #10025
OUT #78171
STR-NOT #80060
OR-NOT #80065
OR #50697
AND #10025
OR #78170
AND-NOT #78171
OUT #78170
END
//ALARM1

MISSING ARC START CONFIRM:1
ARC FAILURE:1
WIRE STICKING/SHORT:1
GAS FAILURE (RESTART):1
WIRE FAILURE (RESTART):1



MISSING ARC START CONFIRM:2
ARC FAILURE:2
WIRE STICKING/SHORT:2
GAS FAILURE (RESTART):2
WIRE FAILURE (RESTART):2



MISSING ARC START CONFIRM:3
ARC FAILURE:3
WIRE STICKING/SHORT:3
GAS FAILURE (RESTART):3
WIRE FAILURE (RESTART):3



MISSING ARC START CONFIRM:4
ARC FAILURE:4
WIRE STICKING/SHORT:4
GAS FAILURE (RESTART):4
WIRE FAILURE (RESTART):4


































Low Air Pressure
Welder R1 Not Enabled #87090
Com Error Welder R1
9067
9068
9069
9070
9071
9072
Welder R2 Not Enabled #87101
Com Error Welder R2
9075
9076
9077
9078
9079
9080
Welder R3 Not Enabled #87112
Com Error Welder R3
9083
ERROR LUB PUMP 1
9085
9086
9087
9088
Welder R4 Not Enabled #87123
Com Error Welder R4
9091
9092
9093
9094
9095
































//ALARM2

MISSING ARC START CONFIRM:1
ARC FAILURE:1
WIRE STICKING/SHORT:1
GAS FAILURE (RESTART):1
WIRE FAILURE (RESTART):1



MISSING ARC START CONFIRM:2
ARC FAILURE:2
WIRE STICKING/SHORT:2
GAS FAILURE (RESTART):2
WIRE FAILURE (RESTART):2



MISSING ARC START CONFIRM:3
ARC FAILURE:3
WIRE STICKING/SHORT:3
GAS FAILURE (RESTART):3
WIRE FAILURE (RESTART):3



MISSING ARC START CONFIRM:4
ARC FAILURE:4
WIRE STICKING/SHORT:4
GAS FAILURE (RESTART):4
WIRE FAILURE (RESTART):4


































Low Air Pressure
Welder R1 Not Enabled #87090
Com Error Welder R1
9067
9068
9069
9070
9071
9072
Welder R2 Not Enabled #87101
Com Error Welder R2
9075
9076
9077
9078
9079
9080
Welder R3 Not Enabled #87112
Com Error Welder R3
9083
ERROR LUB PUMP 1
9085
9086
9087
9088
Welder R4 Not Enabled #87123
Com Error Welder R4
9091
9092
9093
9094
9095
































//MESSAGE1
ARC CONFIRM RELAY STICKING:1
WIRE STICKING/SHORT:1
GAS FAILURE:1
WIRE FAILURE:1
RESTARTING FOR ARC:1
RESTARTING FOR GAS:1
RESTARTING FOR WIRE:1
END OF ARC RESTARTING:1
ARC CONFIRM RELAY STICKING:2
WIRE STICKING/SHORT:2
GAS FAILURE:2
WIRE FAILURE:2
RESTARTING FOR ARC:2
RESTARTING FOR GAS:2
RESTARTING FOR WIRE:2
END OF ARC RESTARTING:2
ARC CONFIRM RELAY STICKING:3
WIRE STICKING/SHORT:3
GAS FAILURE:3
WIRE FAILURE:3
RESTARTING FOR ARC:3
RESTARTING FOR GAS:3
RESTARTING FOR WIRE:3
END OF ARC RESTARTING:3
ARC CONFIRM RELAY STICKING:4
WIRE STICKING/SHORT:4
GAS FAILURE:4
WIRE FAILURE:4
RESTARTING FOR ARC:4
RESTARTING FOR GAS:4
RESTARTING FOR WIRE:4
END OF ARC RESTARTING:4
































Low Air Pressure
Welder R1 Not Enabled #87090
Com Error Welder R1
Error Welder R1
5
6
7
8
9
Welder R2 Not Enabled #87101
Com Error Welder R2
Error Welder R2
13
14
15
16
17
Welder R3 Not Enabled #87112
Com Error Welder R3
Error Welder R3
ERROR LUB PUMP 1
22
23
24
25
Welder R4 Not Enabled #87123
Com Error Welder R4
Error Welder R4
29
30
31
32



















220684 LUC400V2R1TSLIO9

215293 TCS R1 3

YRC1000 FRONIUS TPSi_BUS V4.08
Max.4 Welder Bus Standard
YEU ERROR-RECOVERY FUNCTION
add ARC-Alarm-Delay function
IF-panel unit correction
add Wire-Sense detection
MotoEYE-SF added
Persson YNR/ Richter YEU/Form
2023, March, 22nd
//MESSAGE2
ARC CONFIRM RELAY STICKING:1
WIRE STICKING/SHORT:1
GAS FAILURE:1
WIRE FAILURE:1
RESTARTING FOR ARC:1
RESTARTING FOR GAS:1
RESTARTING FOR WIRE:1
END OF ARC RESTARTING:1
ARC CONFIRM RELAY STICKING:2
WIRE STICKING/SHORT:2
GAS FAILURE:2
WIRE FAILURE:2
RESTARTING FOR ARC:2
RESTARTING FOR GAS:2
RESTARTING FOR WIRE:2
END OF ARC RESTARTING:2
ARC CONFIRM RELAY STICKING:3
WIRE STICKING/SHORT:3
GAS FAILURE:3
WIRE FAILURE:3
RESTARTING FOR ARC:3
RESTARTING FOR GAS:3
RESTARTING FOR WIRE:3
END OF ARC RESTARTING:3
ARC CONFIRM RELAY STICKING:4
WIRE STICKING/SHORT:4
GAS FAILURE:4
WIRE FAILURE:4
RESTARTING FOR ARC:4
RESTARTING FOR GAS:4
RESTARTING FOR WIRE:4
END OF ARC RESTARTING:4
































Low Air Pressure
Welder R1 Not Enabled #87090
Com Error Welder R1
Error Welder R1
5
6
7
8
9
Welder R2 Not Enabled #87101
Com Error Welder R2
Error Welder R2
13
14
15
16
17
Welder R3 Not Enabled #87112
Com Error Welder R3
Error Welder R3
ERROR LUB PUMP 1
22
23
24
25
Welder R4 Not Enabled #87123
Com Error Welder R4
Error Welder R4
29
30
31
32



















220684 LUC400V2R1TSLIO9

215293 TCS R1 3

YRC1000 FRONIUS TPSi_BUS V4.08
Max.4 Welder Bus Standard
YEU ERROR-RECOVERY FUNCTION
add ARC-Alarm-Delay function
IF-panel unit correction
add Wire-Sense detection
MotoEYE-SF added
Persson YNR/ Richter YEU/Form
2023, March, 22nd
